2020-04-30 13:40:03,873 - root - INFO - Loading config from: C:\Users\chung.yeoh\Documents\Symphony\PycharmProjects\external-room-membership-checker\resources\config.json
2020-04-30 13:40:03,874 - root - INFO - {
    "sessionAuthHost": "https://preview.symphony.com:443",
    "sessionAuthPort": 443,
    "keyAuthHost": "https://preview.symphony.com:443",
    "keyAuthPort": 443,
    "podHost": "https://preview.symphony.com:443",
    "podPort": 443,
    "agentHost": "https://preview.symphony.com:443",
    "agentPort": 443,
    "authType": "rsa",
    "botPrivateKeyPath": "./rsa/",
    "botPrivateKeyName": "preview-private-key.pem",
    "botCertPath": "",
    "botCertName": "",
    "botCertPassword": "",
    "botUsername": "hkex-ping-bot",
    "botEmailAddress": "hkex-ping-bot@symphony.com",
    "appCertPath": "",
    "appCertName": "",
    "appCertPassword": "",
    "authTokenRefreshPeriod": "30",
    "proxyURL": "",
    "proxyUsername": "",
    "proxyPassword": "",
    "podProxyURL": "",
    "podProxyUsername": "",
    "podProxyPassword": "",
    "agentProxyURL": "",
    "agentProxyUsername": "",
    "agentProxyPassword": "",
    "keyManagerProxyURL": "",
    "keyManagerProxyUsername": "",
    "keyManagerProxyPassword": "",
    "truststorePath": "",
    "botRSAPath": "rsa\\preview-private-key.pem",
    "p.12": "",
    "podProxyRequestObject": {},
    "agentProxyRequestObject": {},
    "keyManagerProxyRequestObject": {}
}
2020-04-30 13:40:03,874 - root - INFO - Start Authenticating..
2020-04-30 13:40:03,874 - root - DEBUG - RSA Auth/authenticate()
2020-04-30 13:40:03,874 - root - DEBUG - RSA Auth/authenticate() --> needed to authenticate
2020-04-30 13:40:03,875 - root - DEBUG - RSA_auth/get_session_token() function started
2020-04-30 13:40:03,875 - root - DEBUG - RSA_auth/getJWT() function started
2020-04-30 13:40:05,234 - root - DEBUG - RSA/session token success
2020-04-30 13:40:05,235 - root - DEBUG - RSA_auth/get_keyauth()
2020-04-30 13:40:05,235 - root - DEBUG - RSA_auth/getJWT() function started
2020-04-30 13:40:06,352 - root - DEBUG - RSA/key manager token success
2020-04-30 13:40:06,352 - root - INFO - Retrieve All External Active Streams...
2020-04-30 13:40:06,352 - root - DEBUG - StreamClient/list_streams_enterprise_v2()
2020-04-30 13:40:06,352 - root - DEBUG - bot_client/get_pod_session() - creating pod session
2020-04-30 13:40:07,551 - root - DEBUG - StreamClient/list_streams_enterprise_v2()
2020-04-30 13:40:07,927 - root - DEBUG - StreamClient/list_streams_enterprise_v2()
2020-04-30 13:40:08,269 - root - DEBUG - StreamClient/list_streams_enterprise_v2()
2020-04-30 13:40:08,626 - root - DEBUG - StreamClient/list_streams_enterprise_v2()
2020-04-30 13:40:08,955 - root - DEBUG - StreamClient/list_streams_enterprise_v2()
2020-04-30 13:40:09,266 - root - INFO - Retrieved 577 streams
2020-04-30 13:40:09,266 - root - INFO - Checking streams for violations...
2020-04-30 13:40:09,266 - root - DEBUG - StreamClient/get_stream_members()
2020-04-30 13:40:09,552 - root - DEBUG - h2ved3s-_ytbEjPFZeiSs3___qshzj7_dA does not meet criteria..FAILED
2020-04-30 13:40:09,553 - root - DEBUG - StreamClient/get_stream_members()
2020-04-30 13:40:09,855 - root - DEBUG - gnXGYGpGNPwHun5Ja8RWQH___qshMJcmdA does not meet criteria..FAILED
2020-04-30 13:40:09,855 - root - DEBUG - StreamClient/get_stream_members()
2020-04-30 13:40:10,128 - root - DEBUG - -0hhcpzZ2jud_4r8QsXSEX___qsMkvLAdA does not meet criteria..FAILED
2020-04-30 13:40:10,128 - root - DEBUG - StreamClient/get_stream_members()
2020-04-30 13:40:10,413 - root - DEBUG - lQf6iO_SUCH98JIr2t7GAH___qsGxqludA does not meet criteria..FAILED
2020-04-30 13:40:10,413 - root - DEBUG - StreamClient/get_stream_members()
2020-04-30 13:40:10,687 - root - DEBUG - 8PVkxbLbVG1Lua_1jFwgJH___qqJpWDadA does not meet criteria..FAILED
2020-04-30 13:40:10,687 - root - DEBUG - StreamClient/get_stream_members()
2020-04-30 13:40:10,950 - root - DEBUG - eGGWrrucp9lwfiPfmqiO_n___qp_j8tYdA does not meet criteria..FAILED
2020-04-30 13:40:10,950 - root - DEBUG - StreamClient/get_stream_members()
2020-04-30 13:40:11,214 - root - DEBUG - NDWCmi5-Lp7ZBIpGaUoGz3___qp3nLxkdA does not meet criteria..FAILED
2020-04-30 13:40:11,214 - root - DEBUG - StreamClient/get_stream_members()
2020-04-30 13:40:11,488 - root - DEBUG - fEY8j8YKOQXBeQzGZ2PCJn___qplyndudA does not meet criteria..FAILED
2020-04-30 13:40:11,488 - root - DEBUG - StreamClient/get_stream_members()
2020-04-30 13:40:11,760 - root - DEBUG - 9geaCmeQbsbr4ITk7S3o3X___qpTh4XwdA does not meet criteria..FAILED
2020-04-30 13:40:11,760 - root - DEBUG - StreamClient/get_stream_members()
2020-04-30 13:40:12,035 - root - DEBUG - Z5vQYa_zraeMpP8s-WZTpn___qovrPg2dA does not meet criteria..FAILED
2020-04-30 13:40:12,036 - root - DEBUG - StreamClient/get_stream_members()
2020-04-30 13:40:12,318 - root - DEBUG - tAty8p-QCecnvgVPaU_lKH___qovqdoldA does not meet criteria..FAILED
2020-04-30 13:40:12,318 - root - DEBUG - StreamClient/get_stream_members()
2020-04-30 13:40:12,590 - root - DEBUG - NxE71eRWFELPgcLqmBxCg3___qnn_4vndA does not meet criteria..FAILED
2020-04-30 13:40:12,590 - root - DEBUG - StreamClient/get_stream_members()
2020-04-30 13:40:12,855 - root - DEBUG - gUBh2iFpxSZZGmF8cbiRw3___qnXxapQdA does not meet criteria..FAILED
2020-04-30 13:40:12,856 - root - DEBUG - StreamClient/get_stream_members()
2020-04-30 13:40:13,136 - root - DEBUG - 6V-pTFqYeb4b2800xGf_iH___qnHDicwdA does not meet criteria..FAILED
2020-04-30 13:40:13,136 - root - DEBUG - StreamClient/get_stream_members()
2020-04-30 13:40:13,391 - root - DEBUG - EYdV_XQCWUT-c4L7z6AUXH___qmewccMdA does not meet criteria..FAILED
2020-04-30 13:40:13,391 - root - DEBUG - StreamClient/get_stream_members()
2020-04-30 13:40:13,664 - root - DEBUG - Xtz3jEwQW0JrTGBJEbfTc3___qmefS1UdA does not meet criteria..FAILED
2020-04-30 13:40:13,664 - root - DEBUG - StreamClient/get_stream_members()
2020-04-30 13:40:13,927 - root - DEBUG - JU2c2a--tnN07gGzKreTQX___qmOwM5jdA does not meet criteria..FAILED
2020-04-30 13:40:13,927 - root - DEBUG - StreamClient/get_stream_members()
2020-04-30 13:40:14,200 - root - DEBUG - ZVVRaiREizD4ipTPkxgFPn___qmOtxQXdA does not meet criteria..FAILED
2020-04-30 13:40:14,201 - root - DEBUG - StreamClient/get_stream_members()
2020-04-30 13:40:14,465 - root - DEBUG - 97Xjd2X7m8QqivvhlQe88H___qmOteg8dA does not meet criteria..FAILED
2020-04-30 13:40:14,465 - root - DEBUG - StreamClient/get_stream_members()
2020-04-30 13:40:14,736 - root - DEBUG - cAOsbCQ2IOs18F8ukXz5v3___qmOsy3ZdA does not meet criteria..FAILED
2020-04-30 13:40:14,736 - root - DEBUG - StreamClient/get_stream_members()
2020-04-30 13:40:15,010 - root - DEBUG - 3xQ9cDliyEePTEZCe2iy-3___qmKihqhdA does not meet criteria..FAILED
2020-04-30 13:40:15,010 - root - DEBUG - StreamClient/get_stream_members()
2020-04-30 13:40:15,278 - root - DEBUG - tkiQZXR3maOSTZOZ45cqV3___qlGu5NgdA does not meet criteria..FAILED
2020-04-30 13:40:15,278 - root - DEBUG - StreamClient/get_stream_members()
2020-04-30 13:40:15,553 - root - DEBUG - bKObKJSQbplM5vrJIx5RuH___qkXLkNCdA does not meet criteria..FAILED
2020-04-30 13:40:15,553 - root - DEBUG - StreamClient/get_stream_members()
2020-04-30 13:40:15,816 - root - DEBUG - 7GEYZNe5v3MyDXP33SjBoH___qkXIeJFdA does not meet criteria..FAILED
2020-04-30 13:40:15,816 - root - DEBUG - StreamClient/get_stream_members()
2020-04-30 13:40:16,091 - root - DEBUG - FPUSqUTqS_cKzzxBxhcOn3___qjy1bdgdA does not meet criteria..FAILED
2020-04-30 13:40:16,091 - root - DEBUG - StreamClient/get_stream_members()
2020-04-30 13:40:16,355 - root - DEBUG - undR6Ulqsk_AZmUFcxJJUH___qjZ5pm7dA does not meet criteria..FAILED
2020-04-30 13:40:16,355 - root - DEBUG - StreamClient/get_stream_members()
2020-04-30 13:40:16,630 - root - DEBUG - B6FCUsjUjCJLUZP0Yv5ASH___qhqOEYzdA does not meet criteria..FAILED
2020-04-30 13:40:16,630 - root - DEBUG - StreamClient/get_stream_members()
2020-04-30 13:40:16,903 - root - DEBUG - jEyv1T6O6RfmfmNEtuYbaH___qgZsVjAdA does not meet criteria..FAILED
2020-04-30 13:40:16,903 - root - DEBUG - StreamClient/get_stream_members()
2020-04-30 13:40:17,177 - root - DEBUG - G4Oqf4i07vCUnn4h4LpKvH___qgBzVfZdA does not meet criteria..FAILED
2020-04-30 13:40:17,177 - root - DEBUG - StreamClient/get_stream_members()
2020-04-30 13:40:17,440 - root - DEBUG - lnsTjC5ijEMzSJ6Hp8WbdX___qfnXhmGdA does not meet criteria..FAILED
2020-04-30 13:40:17,440 - root - DEBUG - StreamClient/get_stream_members()
2020-04-30 13:40:17,712 - root - DEBUG - kozKpkaReA-lrwZu_Ila2n___qfnUQAtdA does not meet criteria..FAILED
2020-04-30 13:40:17,712 - root - DEBUG - StreamClient/get_stream_members()
2020-04-30 13:40:17,984 - root - DEBUG - HaCGRDRJ01_FKjf-RAGub3___qfP_KiYdA does not meet criteria..FAILED
2020-04-30 13:40:17,984 - root - DEBUG - StreamClient/get_stream_members()
2020-04-30 13:40:18,260 - root - DEBUG - WDjNTljkzDcS5leFdnw8BH___qe19lBYdA does not meet criteria..FAILED
2020-04-30 13:40:18,260 - root - DEBUG - StreamClient/get_stream_members()
2020-04-30 13:40:18,526 - root - DEBUG - sWnazviQcezlTgYdwJ9CkH___qeuA5AXdA does not meet criteria..FAILED
2020-04-30 13:40:18,527 - root - DEBUG - StreamClient/get_stream_members()
2020-04-30 13:40:18,819 - root - DEBUG - tamMGEE5HIr0X6zIZ5PFKn___qelWt7hdA does not meet criteria..FAILED
2020-04-30 13:40:18,819 - root - DEBUG - StreamClient/get_stream_members()
2020-04-30 13:40:19,083 - root - DEBUG - Gj8VeJGSTLHXOSMSKoOjdn___qeUp75-dA does not meet criteria..FAILED
2020-04-30 13:40:19,083 - root - DEBUG - StreamClient/get_stream_members()
2020-04-30 13:40:19,357 - root - DEBUG - JDOoP0gBpoYIi0OSmy_LBX___qeKXt3XdA does not meet criteria..FAILED
2020-04-30 13:40:19,357 - root - DEBUG - StreamClient/get_stream_members()
2020-04-30 13:40:19,621 - root - DEBUG - HZyg0ZnfqCs1FRyILxa0Qn___qdvxrxedA does not meet criteria..FAILED
2020-04-30 13:40:19,621 - root - DEBUG - StreamClient/get_stream_members()
2020-04-30 13:40:19,887 - root - DEBUG - 9ZFbHdG4o8jZvY49C1yIHH___qdLp8d9dA meets criteria..PASSED!
2020-04-30 13:40:19,887 - root - DEBUG - StreamClient/get_stream_members()
2020-04-30 13:40:20,151 - root - DEBUG - hioHFHBTjJwNkqA244O9OX___qc5Al4AdA does not meet criteria..FAILED
2020-04-30 13:40:20,151 - root - DEBUG - StreamClient/get_stream_members()
2020-04-30 13:40:20,421 - root - DEBUG - 6lJa8wRZ1m-to3D1aIErU3___qb5sG5UdA does not meet criteria..FAILED
2020-04-30 13:40:20,422 - root - DEBUG - StreamClient/get_stream_members()
2020-04-30 13:40:20,688 - root - DEBUG - aR4Cmd1uXPc718AiGj42LH___qb5r-EidA does not meet criteria..FAILED
2020-04-30 13:40:20,688 - root - DEBUG - StreamClient/get_stream_members()
2020-04-30 13:40:20,951 - root - DEBUG - ftl5DnTgILFSoP_TS9jVLH___qWBD2MadA does not meet criteria..FAILED
2020-04-30 13:40:20,951 - root - DEBUG - StreamClient/get_stream_members()
2020-04-30 13:40:21,229 - root - DEBUG - 8lq1BbteEznKaNBvVADfQH___qUEF7MKdA does not meet criteria..FAILED
2020-04-30 13:40:21,229 - root - DEBUG - StreamClient/get_stream_members()
2020-04-30 13:40:21,485 - root - DEBUG - LfjVZUxpr0wxy0jj5p0_I3___qScjMW3dA does not meet criteria..FAILED
2020-04-30 13:40:21,486 - root - DEBUG - StreamClient/get_stream_members()
2020-04-30 13:40:21,765 - root - DEBUG - JSl-zGBGKbiAKL0DLlEIxH___qQRlQYrdA does not meet criteria..FAILED
2020-04-30 13:40:21,765 - root - DEBUG - StreamClient/get_stream_members()
2020-04-30 13:40:22,022 - root - DEBUG - StreamClient/get_stream_members()
2020-04-30 13:40:22,292 - root - DEBUG - 0bfVeig4OhmU4DJ9Wd33Wn___qOpOjYqdA meets criteria..PASSED!
2020-04-30 13:40:22,292 - root - DEBUG - StreamClient/get_stream_members()
2020-04-30 13:40:22,554 - root - DEBUG - n03TnBi2RxKMGe9V4ocXp3___qOlADggdA does not meet criteria..FAILED
2020-04-30 13:40:22,554 - root - DEBUG - StreamClient/get_stream_members()
2020-04-30 13:40:22,828 - root - DEBUG - uNxl2RI7pZbQr2EGQ5nhC3___qNfPZ6GdA does not meet criteria..FAILED
2020-04-30 13:40:22,828 - root - DEBUG - StreamClient/get_stream_members()
2020-04-30 13:40:23,092 - root - DEBUG - 3itWihmn9h9kT5KGcBNZNX___qMViBVtdA does not meet criteria..FAILED
2020-04-30 13:40:23,092 - root - DEBUG - StreamClient/get_stream_members()
2020-04-30 13:40:23,358 - root - DEBUG - KCLoQU_GS1lbp67a4WJlB3___qLhVZAddA does not meet criteria..FAILED
2020-04-30 13:40:23,358 - root - DEBUG - StreamClient/get_stream_members()
2020-04-30 13:40:23,615 - root - DEBUG - Sn86oAfKecQjpMV0lMLBTX___qKusguSdA does not meet criteria..FAILED
2020-04-30 13:40:23,616 - root - DEBUG - StreamClient/get_stream_members()
2020-04-30 13:40:23,881 - root - DEBUG - jZ6oMh7iKtoxV2nNQBZV0H___qJdARGNdA does not meet criteria..FAILED
2020-04-30 13:40:23,881 - root - DEBUG - StreamClient/get_stream_members()
2020-04-30 13:40:24,143 - root - DEBUG - op4O-4eCbgH0ZSDsSBp58H___qJRirEqdA does not meet criteria..FAILED
2020-04-30 13:40:24,143 - root - DEBUG - StreamClient/get_stream_members()
2020-04-30 13:40:24,414 - root - DEBUG - StreamClient/get_stream_members()
2020-04-30 13:40:24,676 - root - DEBUG - P_Spe8V7vFqnfF9KIiXxvn___qH1hprWdA meets criteria..PASSED!
2020-04-30 13:40:24,677 - root - DEBUG - StreamClient/get_stream_members()
2020-04-30 13:40:24,945 - root - DEBUG - mnF4cWY2AIJ2vORqm21KzH___qHR1x5NdA does not meet criteria..FAILED
2020-04-30 13:40:24,946 - root - DEBUG - StreamClient/get_stream_members()
2020-04-30 13:40:25,211 - root - DEBUG - b8Ra4Mzm-9LS7lXcBTPJpn___qHOkzRLdA meets criteria..PASSED!
2020-04-30 13:40:25,212 - root - DEBUG - StreamClient/get_stream_members()
2020-04-30 13:40:25,485 - root - DEBUG - E-2XicSn5rNnfQP_kMT2_n___qGqT93TdA meets criteria..PASSED!
2020-04-30 13:40:25,485 - root - DEBUG - StreamClient/get_stream_members()
2020-04-30 13:40:25,750 - root - DEBUG - StreamClient/get_stream_members()
2020-04-30 13:40:26,013 - root - DEBUG - 3SJXbNMfX1r9jYsIMeKYzX___qF9539qdA does not meet criteria..FAILED
2020-04-30 13:40:26,013 - root - DEBUG - StreamClient/get_stream_members()
2020-04-30 13:40:26,278 - root - DEBUG - iKsGmD5iWlls1VZz4_Z5ln___qF4zR08dA does not meet criteria..FAILED
2020-04-30 13:40:26,278 - root - DEBUG - StreamClient/get_stream_members()
2020-04-30 13:40:26,550 - root - DEBUG - Rl3N3j5JxLsndHAfL1WErX___qFVmPd6dA meets criteria..PASSED!
2020-04-30 13:40:26,550 - root - DEBUG - StreamClient/get_stream_members()
2020-04-30 13:40:26,813 - root - DEBUG - D7oV_umrJnYRbfsqUFnfJn___qFTpvTFdA does not meet criteria..FAILED
2020-04-30 13:40:26,813 - root - DEBUG - StreamClient/get_stream_members()
2020-04-30 13:40:27,069 - root - DEBUG - f1m2jm5XNlc15MMalgEy_3___qFFTOdsdA does not meet criteria..FAILED
2020-04-30 13:40:27,069 - root - DEBUG - StreamClient/get_stream_members()
2020-04-30 13:40:27,426 - root - DEBUG - StreamClient/get_stream_members()
2020-04-30 13:40:27,694 - root - DEBUG - IXlhf4DCJCNQddi_sQU2Yn___qE2dyL-dA does not meet criteria..FAILED
2020-04-30 13:40:27,694 - root - DEBUG - StreamClient/get_stream_members()
2020-04-30 13:40:27,963 - root - DEBUG - aWhDS5YdgwuOcf1XFhWe93___qEcwTYSdA does not meet criteria..FAILED
2020-04-30 13:40:27,964 - root - DEBUG - StreamClient/get_stream_members()
2020-04-30 13:40:28,230 - root - DEBUG - StreamClient/get_stream_members()
2020-04-30 13:40:28,500 - root - DEBUG - 3W2fIeu42pnPI7O9sMdumn___qDWDNrzdA does not meet criteria..FAILED
2020-04-30 13:40:28,500 - root - DEBUG - StreamClient/get_stream_members()
2020-04-30 13:40:28,766 - root - DEBUG - mqps2gNkaDqPSF6sXVytGX___qDQhRTXdA does not meet criteria..FAILED
2020-04-30 13:40:28,767 - root - DEBUG - StreamClient/get_stream_members()
2020-04-30 13:40:29,042 - root - DEBUG - z3RkjIYDuUbynhm2hLgooX___qDQOG3CdA does not meet criteria..FAILED
2020-04-30 13:40:29,043 - root - DEBUG - StreamClient/get_stream_members()
2020-04-30 13:40:29,307 - root - DEBUG - zvtaZrzMTVJan6_sHvVAy3___qCwKed3dA does not meet criteria..FAILED
2020-04-30 13:40:29,307 - root - DEBUG - StreamClient/get_stream_members()
2020-04-30 13:40:29,570 - root - DEBUG - EAIdfMNuyKSxd_OubltZ9X___qCvu-9IdA does not meet criteria..FAILED
2020-04-30 13:40:29,571 - root - DEBUG - StreamClient/get_stream_members()
2020-04-30 13:40:29,827 - root - DEBUG - B6CxFEwC5iF5Ejz5O2Pwe3___qCpRg4gdA does not meet criteria..FAILED
2020-04-30 13:40:29,827 - root - DEBUG - StreamClient/get_stream_members()
2020-04-30 13:40:30,091 - root - DEBUG - TAkSMh4-BlM6AlDo0Aw1s3___qCBpkDBdA does not meet criteria..FAILED
2020-04-30 13:40:30,091 - root - DEBUG - StreamClient/get_stream_members()
2020-04-30 13:40:30,346 - root - DEBUG - bC_Df_Bs4R58HpSfF8mO43___qB-mdeRdA does not meet criteria..FAILED
2020-04-30 13:40:30,346 - root - DEBUG - StreamClient/get_stream_members()
2020-04-30 13:40:30,606 - root - DEBUG - tYAptqyyPgxGJsvXeElYEX___qB9qvmodA does not meet criteria..FAILED
2020-04-30 13:40:30,606 - root - DEBUG - StreamClient/get_stream_members()
2020-04-30 13:40:30,868 - root - DEBUG - StreamClient/get_stream_members()
2020-04-30 13:40:31,136 - root - DEBUG - PtKMfct7aeno4tzIRzSxk3___qBq9V6udA does not meet criteria..FAILED
2020-04-30 13:40:31,136 - root - DEBUG - StreamClient/get_stream_members()
2020-04-30 13:40:31,391 - root - DEBUG - A5wIlZvFI2yvrNL4a8wyKn___qBnsP6ndA does not meet criteria..FAILED
2020-04-30 13:40:31,391 - root - DEBUG - StreamClient/get_stream_members()
2020-04-30 13:40:31,652 - root - DEBUG - PCBTEROTmgRcbPOdsCLKkH___qBnsBQWdA does not meet criteria..FAILED
2020-04-30 13:40:31,652 - root - DEBUG - StreamClient/get_stream_members()
2020-04-30 13:40:31,908 - root - DEBUG - g3x--ui6Z31WC0qGxtekdX___qBnr4PFdA does not meet criteria..FAILED
2020-04-30 13:40:31,908 - root - DEBUG - StreamClient/get_stream_members()
2020-04-30 13:40:32,178 - root - DEBUG - Y2xkPNRwVVf30zWkqtAUxX___qBbT_FqdA meets criteria..PASSED!
2020-04-30 13:40:32,178 - root - DEBUG - StreamClient/get_stream_members()
2020-04-30 13:40:32,445 - root - DEBUG - Fc_LGwaASWzFjAhwBMoxBH___qBKSGsFdA meets criteria..PASSED!
2020-04-30 13:40:32,445 - root - DEBUG - StreamClient/get_stream_members()
2020-04-30 13:40:32,707 - root - DEBUG - recV5_HN_3cEwirZCMbuWn___qA1EuuHdA does not meet criteria..FAILED
2020-04-30 13:40:32,707 - root - DEBUG - StreamClient/get_stream_members()
2020-04-30 13:40:32,962 - root - DEBUG - _x8MeW230hrKgPWBYqcKxX___qA1EiQ_dA does not meet criteria..FAILED
2020-04-30 13:40:32,962 - root - DEBUG - StreamClient/get_stream_members()
2020-04-30 13:40:33,232 - root - DEBUG - 9T3Eq8GsdPtvwEq-7DBRuH___qAk6TC5dA does not meet criteria..FAILED
2020-04-30 13:40:33,232 - root - DEBUG - StreamClient/get_stream_members()
2020-04-30 13:40:33,501 - root - DEBUG - 6rtJBbLCtK3Lyr8WvZlTx3___qAfZn4OdA does not meet criteria..FAILED
2020-04-30 13:40:33,501 - root - DEBUG - StreamClient/get_stream_members()
2020-04-30 13:40:33,762 - root - DEBUG - mhH8l7aPFd5fY7_vWIZu13___qAAzDhVdA does not meet criteria..FAILED
2020-04-30 13:40:33,762 - root - DEBUG - StreamClient/get_stream_members()
2020-04-30 13:40:34,045 - root - DEBUG - 3I_bQRB6MCldzq1m7OjoLX___qAAuKPUdA does not meet criteria..FAILED
2020-04-30 13:40:34,045 - root - DEBUG - StreamClient/get_stream_members()
2020-04-30 13:40:34,307 - root - DEBUG - ROgZfvceeF-mgSJSuvydjX___qAAt-O_dA does not meet criteria..FAILED
2020-04-30 13:40:34,307 - root - DEBUG - StreamClient/get_stream_members()
2020-04-30 13:40:34,562 - root - DEBUG - 0jKujakK4N9FpG_G9llpu3___qAAtmlSdA does not meet criteria..FAILED
2020-04-30 13:40:34,562 - root - DEBUG - StreamClient/get_stream_members()
2020-04-30 13:40:34,823 - root - DEBUG - 1FcZrffWR3q8a_I57lijqn___qAArL-AdA does not meet criteria..FAILED
2020-04-30 13:40:34,824 - root - DEBUG - StreamClient/get_stream_members()
2020-04-30 13:40:35,093 - root - DEBUG - QLJlIXKsjTN6QpZJL2jt43___p_3zJxZdA meets criteria..PASSED!
2020-04-30 13:40:35,093 - root - DEBUG - StreamClient/get_stream_members()
2020-04-30 13:40:35,355 - root - DEBUG - HhJx55UG_ntN6MJk2IcHkX___p_3kcvKdA does not meet criteria..FAILED
2020-04-30 13:40:35,356 - root - DEBUG - StreamClient/get_stream_members()
2020-04-30 13:40:35,621 - root - DEBUG - k4y4g6vdezOaGN09xO_Mo3___p_g9Y2HdA meets criteria..PASSED!
2020-04-30 13:40:35,621 - root - DEBUG - StreamClient/get_stream_members()
2020-04-30 13:40:35,881 - root - DEBUG - StreamClient/get_stream_members()
2020-04-30 13:40:36,155 - root - DEBUG - mIb0RjRKnpnh_RMCgySxPX___p_L2h91dA does not meet criteria..FAILED
2020-04-30 13:40:36,155 - root - DEBUG - StreamClient/get_stream_members()
2020-04-30 13:40:36,419 - root - DEBUG - L7woBSgam9dqTDZBkAkVOH___p-KZs1bdA meets criteria..PASSED!
2020-04-30 13:40:36,419 - root - DEBUG - StreamClient/get_stream_members()
2020-04-30 13:40:36,689 - root - DEBUG - fKOccUV7YcDBzohkOvNH-X___p-F6bm5dA does not meet criteria..FAILED
2020-04-30 13:40:36,690 - root - DEBUG - StreamClient/get_stream_members()
2020-04-30 13:40:36,953 - root - DEBUG - StreamClient/get_stream_members()
2020-04-30 13:40:37,223 - root - DEBUG - BLwvsMEWE3-EqsYpaQv4zn___p8_DWXPdA does not meet criteria..FAILED
2020-04-30 13:40:37,223 - root - DEBUG - StreamClient/get_stream_members()
2020-04-30 13:40:37,482 - root - DEBUG - jj1t41knVB8Nzq9sdKIn13___p8_APfgdA does not meet criteria..FAILED
2020-04-30 13:40:37,482 - root - DEBUG - StreamClient/get_stream_members()
2020-04-30 13:40:37,742 - root - DEBUG - vfwkpDHMTZLFyeIDik5NU3___p8_AIYEdA does not meet criteria..FAILED
2020-04-30 13:40:37,742 - root - DEBUG - StreamClient/get_stream_members()
2020-04-30 13:40:38,007 - root - DEBUG - bhfFr85_CN0nsnHtUKgbkX___p8VKRSNdA does not meet criteria..FAILED
2020-04-30 13:40:38,007 - root - DEBUG - StreamClient/get_stream_members()
2020-04-30 13:40:38,270 - root - DEBUG - MU1vgHTmv6PK0CmcXSguNH___p8VHlz7dA does not meet criteria..FAILED
2020-04-30 13:40:38,270 - root - DEBUG - StreamClient/get_stream_members()
2020-04-30 13:40:38,525 - root - DEBUG - PQDPTRLM2Z_9yoGNw1rL4H___p8VGdyWdA does not meet criteria..FAILED
2020-04-30 13:40:38,525 - root - DEBUG - StreamClient/get_stream_members()
2020-04-30 13:40:38,797 - root - DEBUG - hreHsCU61TRXdR5AoN_C8n___p8U_WGtdA meets criteria..PASSED!
2020-04-30 13:40:38,797 - root - DEBUG - StreamClient/get_stream_members()
2020-04-30 13:40:39,068 - root - DEBUG - KW-bOls7qD5fqVmasy1bNH___p8OVuYldA meets criteria..PASSED!
2020-04-30 13:40:39,068 - root - DEBUG - StreamClient/get_stream_members()
2020-04-30 13:40:39,324 - root - DEBUG - Uv5-9bNlTnfRyLE0xwaBpn___p8Fz7PadA does not meet criteria..FAILED
2020-04-30 13:40:39,324 - root - DEBUG - StreamClient/get_stream_members()
2020-04-30 13:40:39,585 - root - DEBUG - JNwaALmeaYUOrdAOaTBOF3___p74FDkBdA does not meet criteria..FAILED
2020-04-30 13:40:39,585 - root - DEBUG - StreamClient/get_stream_members()
2020-04-30 13:40:39,841 - root - DEBUG - kFSXIIenGwuEcC6zkDisWX___p74EwjTdA does not meet criteria..FAILED
2020-04-30 13:40:39,841 - root - DEBUG - StreamClient/get_stream_members()
2020-04-30 13:40:40,104 - root - DEBUG - 8boQ9XRhzI2PyvuI3O0zYn___p74CntHdA does not meet criteria..FAILED
2020-04-30 13:40:40,104 - root - DEBUG - StreamClient/get_stream_members()
2020-04-30 13:40:40,359 - root - DEBUG - RBVw8iIMf5VfsMO5TMa_uX___p7kO_QldA does not meet criteria..FAILED
2020-04-30 13:40:40,359 - root - DEBUG - StreamClient/get_stream_members()
2020-04-30 13:40:40,622 - root - DEBUG - StreamClient/get_stream_members()
2020-04-30 13:40:40,882 - root - DEBUG - StreamClient/get_stream_members()
2020-04-30 13:40:41,149 - root - DEBUG - StreamClient/get_stream_members()
2020-04-30 13:40:41,405 - root - DEBUG - MMruFt41oBFcF4-dgXLvbn___p7hjy-PdA does not meet criteria..FAILED
2020-04-30 13:40:41,405 - root - DEBUG - StreamClient/get_stream_members()
2020-04-30 13:40:41,668 - root - DEBUG - PMG7tbKlU2vdRf-CkBJ4AX___p7heSk8dA does not meet criteria..FAILED
2020-04-30 13:40:41,668 - root - DEBUG - StreamClient/get_stream_members()
2020-04-30 13:40:41,922 - root - DEBUG - fAA6Oeh9a9L2rzeYRwcjeH___p7f4wpDdA does not meet criteria..FAILED
2020-04-30 13:40:41,922 - root - DEBUG - StreamClient/get_stream_members()
2020-04-30 13:40:42,184 - root - DEBUG - StreamClient/get_stream_members()
2020-04-30 13:40:42,461 - root - DEBUG - StreamClient/get_stream_members()
2020-04-30 13:40:42,723 - root - DEBUG - StreamClient/get_stream_members()
2020-04-30 13:40:42,987 - root - DEBUG - 2i261okLPCW5fZDk-4gQ23___p7UF2gAdA does not meet criteria..FAILED
2020-04-30 13:40:42,987 - root - DEBUG - StreamClient/get_stream_members()
2020-04-30 13:40:43,256 - root - DEBUG - DTTQjQAFDGa7OP_heO-yVX___p7RE5yAdA does not meet criteria..FAILED
2020-04-30 13:40:43,256 - root - DEBUG - StreamClient/get_stream_members()
2020-04-30 13:40:43,528 - root - DEBUG - TIPQe1-OMKfMozTGrpuC-H___p7RB5QYdA does not meet criteria..FAILED
2020-04-30 13:40:43,528 - root - DEBUG - StreamClient/get_stream_members()
2020-04-30 13:40:43,791 - root - DEBUG - Xw5F5D_RXR7QuVuID0xsyX___p67wUvYdA does not meet criteria..FAILED
2020-04-30 13:40:43,791 - root - DEBUG - StreamClient/get_stream_members()
2020-04-30 13:40:44,053 - root - DEBUG - mtwVv-3aUQbr7ANI6QD8an___p62_0_HdA does not meet criteria..FAILED
2020-04-30 13:40:44,053 - root - DEBUG - StreamClient/get_stream_members()
2020-04-30 13:40:44,315 - root - DEBUG - -rcjZ3tFJCnm7BgMjuvJBn___p62-6ZjdA does not meet criteria..FAILED
2020-04-30 13:40:44,315 - root - DEBUG - StreamClient/get_stream_members()
2020-04-30 13:40:44,570 - root - DEBUG - FXvp6QMe8djzP2GmfXqKCn___p628wDddA does not meet criteria..FAILED
2020-04-30 13:40:44,570 - root - DEBUG - StreamClient/get_stream_members()
2020-04-30 13:40:44,846 - root - DEBUG - jBlO1lUaMD4birlhcAEHwH___p6uWMJ6dA does not meet criteria..FAILED
2020-04-30 13:40:44,846 - root - DEBUG - StreamClient/get_stream_members()
2020-04-30 13:40:45,107 - root - DEBUG - StreamClient/get_stream_members()
2020-04-30 13:40:45,376 - root - DEBUG - FgF69Oc0SbsV0hEOtbUdEH___p6UpplAdA does not meet criteria..FAILED
2020-04-30 13:40:45,376 - root - DEBUG - StreamClient/get_stream_members()
2020-04-30 13:40:45,631 - root - DEBUG - E3biY8HJS7gWbHqtiprby3___p5x6NAldA does not meet criteria..FAILED
2020-04-30 13:40:45,631 - root - DEBUG - StreamClient/get_stream_members()
2020-04-30 13:40:45,892 - root - DEBUG - StreamClient/get_stream_members()
2020-04-30 13:40:46,147 - root - DEBUG - tfBaeyMdtLCJqHgyhkVis3___p5sSq0GdA does not meet criteria..FAILED
2020-04-30 13:40:46,148 - root - DEBUG - StreamClient/get_stream_members()
2020-04-30 13:40:46,431 - root - DEBUG - pYk84FcsDRNmtYjWbKAHFH___p5qL0D6dA does not meet criteria..FAILED
2020-04-30 13:40:46,432 - root - DEBUG - StreamClient/get_stream_members()
2020-04-30 13:40:46,687 - root - DEBUG - GS7iNqb6z-E1Z_48SIgZiH___p5lHqNWdA does not meet criteria..FAILED
2020-04-30 13:40:46,687 - root - DEBUG - StreamClient/get_stream_members()
2020-04-30 13:40:46,947 - root - DEBUG - ZzBBS2vzsXkmdTP5rT-UIn___p5k9484dA does not meet criteria..FAILED
2020-04-30 13:40:46,947 - root - DEBUG - StreamClient/get_stream_members()
2020-04-30 13:40:47,203 - root - DEBUG - StreamClient/get_stream_members()
2020-04-30 13:40:47,467 - root - DEBUG - SnaVQ6tazcJiAy5i2MlkyX___p5ft82odA does not meet criteria..FAILED
2020-04-30 13:40:47,467 - root - DEBUG - StreamClient/get_stream_members()
2020-04-30 13:40:47,736 - root - DEBUG - vJkILQ7t8iADpQcakq5gsH___p5X4zeXdA meets criteria..PASSED!
2020-04-30 13:40:47,736 - root - DEBUG - StreamClient/get_stream_members()
2020-04-30 13:40:48,001 - root - DEBUG - qZSAxzkFXxlj3LOFMkIXUn___p5X3eoddA meets criteria..PASSED!
2020-04-30 13:40:48,001 - root - DEBUG - StreamClient/get_stream_members()
2020-04-30 13:40:48,273 - root - DEBUG - B5gr0XLvaAyMuz0QxZf7x3___p5X3NjDdA meets criteria..PASSED!
2020-04-30 13:40:48,273 - root - DEBUG - StreamClient/get_stream_members()
2020-04-30 13:40:48,530 - root - DEBUG - StreamClient/get_stream_members()
2020-04-30 13:40:48,800 - root - DEBUG - StreamClient/get_stream_members()
2020-04-30 13:40:49,056 - root - DEBUG - StreamClient/get_stream_members()
2020-04-30 13:40:49,316 - root - DEBUG - StreamClient/get_stream_members()
2020-04-30 13:40:49,576 - root - DEBUG - StreamClient/get_stream_members()
2020-04-30 13:40:49,832 - root - DEBUG - StreamClient/get_stream_members()
2020-04-30 13:40:50,099 - root - DEBUG - StreamClient/get_stream_members()
2020-04-30 13:40:50,361 - root - DEBUG - StreamClient/get_stream_members()
2020-04-30 13:40:50,622 - root - DEBUG - StreamClient/get_stream_members()
2020-04-30 13:40:50,883 - root - DEBUG - StreamClient/get_stream_members()
2020-04-30 13:40:51,138 - root - DEBUG - ct4XF6aZq3_LHQrS-mgSJ3___p5BNeD4dA does not meet criteria..FAILED
2020-04-30 13:40:51,138 - root - DEBUG - StreamClient/get_stream_members()
2020-04-30 13:40:51,401 - root - DEBUG - StreamClient/get_stream_members()
2020-04-30 13:40:51,664 - root - DEBUG - IPxBLvMTmBv0NrQpclsgyX___p41F9ALdA does not meet criteria..FAILED
2020-04-30 13:40:51,664 - root - DEBUG - StreamClient/get_stream_members()
2020-04-30 13:40:51,934 - root - DEBUG - JB7jUtJFiI1jKYxGYo55Bn___p41F1c7dA does not meet criteria..FAILED
2020-04-30 13:40:51,934 - root - DEBUG - StreamClient/get_stream_members()
2020-04-30 13:40:52,189 - root - DEBUG - t3-E1dgODjfLEZfatByzx3___p4u3c9-dA does not meet criteria..FAILED
2020-04-30 13:40:52,189 - root - DEBUG - StreamClient/get_stream_members()
2020-04-30 13:40:52,462 - root - DEBUG - evvEmd2vJTDgY1OVKLpTdX___p4r4sGxdA meets criteria..PASSED!
2020-04-30 13:40:52,462 - root - DEBUG - StreamClient/get_stream_members()
2020-04-30 13:40:52,717 - root - DEBUG - StreamClient/get_stream_members()
2020-04-30 13:40:52,974 - root - DEBUG - StreamClient/get_stream_members()
2020-04-30 13:40:53,243 - root - DEBUG - 4sPkDnNAIWHFaBi8XZ_3Kn___p4H0yNmdA meets criteria..PASSED!
2020-04-30 13:40:53,243 - root - DEBUG - StreamClient/get_stream_members()
2020-04-30 13:40:53,499 - root - DEBUG - StreamClient/get_stream_members()
2020-04-30 13:40:53,761 - root - DEBUG - StreamClient/get_stream_members()
2020-04-30 13:40:54,016 - root - DEBUG - StreamClient/get_stream_members()
2020-04-30 13:40:54,275 - root - DEBUG - SM5ncY9GU09K0qL9iTX7m3___p38R_ifdA does not meet criteria..FAILED
2020-04-30 13:40:54,276 - root - DEBUG - StreamClient/get_stream_members()
2020-04-30 13:40:54,534 - root - DEBUG - StreamClient/get_stream_members()
2020-04-30 13:40:54,790 - root - DEBUG - StreamClient/get_stream_members()
2020-04-30 13:40:55,059 - root - DEBUG - jDwSDElOrm0Rxb5pPvKrxn___p3Q4dIQdA meets criteria..PASSED!
2020-04-30 13:40:55,059 - root - DEBUG - StreamClient/get_stream_members()
2020-04-30 13:40:55,336 - root - DEBUG - Fm_yKNuEWhVj2SXG5GAd4X___p2_6kRIdA does not meet criteria..FAILED
2020-04-30 13:40:55,336 - root - DEBUG - StreamClient/get_stream_members()
2020-04-30 13:40:55,613 - root - DEBUG - VGCB50f_CTdrq49C67T5hn___p2_6eTndA does not meet criteria..FAILED
2020-04-30 13:40:55,613 - root - DEBUG - StreamClient/get_stream_members()
2020-04-30 13:40:55,869 - root - DEBUG - TPGJWk6wwdsCXg6qN8rBun___p27vnY9dA does not meet criteria..FAILED
2020-04-30 13:40:55,869 - root - DEBUG - StreamClient/get_stream_members()
2020-04-30 13:40:56,140 - root - DEBUG - CV7e-pd6EBd5nqZHqDqnl3___p27s72HdA meets criteria..PASSED!
2020-04-30 13:40:56,141 - root - DEBUG - StreamClient/get_stream_members()
2020-04-30 13:40:56,395 - root - DEBUG - zDVVfv8fu63Mee9UDqfZbX___p2z-hqSdA does not meet criteria..FAILED
2020-04-30 13:40:56,395 - root - DEBUG - StreamClient/get_stream_members()
2020-04-30 13:40:56,656 - root - DEBUG - 5DEsZu3UjMCie6zRhpZYNX___p2z-cLBdA does not meet criteria..FAILED
2020-04-30 13:40:56,656 - root - DEBUG - StreamClient/get_stream_members()
2020-04-30 13:40:56,911 - root - DEBUG - vVcBKaeGhIgMICFfUn-hIX___p2z-VFwdA does not meet criteria..FAILED
2020-04-30 13:40:56,911 - root - DEBUG - StreamClient/get_stream_members()
2020-04-30 13:40:57,168 - root - DEBUG - QGcNDboZBTUdLYnfT12WmX___p2Xb85AdA does not meet criteria..FAILED
2020-04-30 13:40:57,169 - root - DEBUG - StreamClient/get_stream_members()
2020-04-30 13:40:57,424 - root - DEBUG - WMkps5yny_XNkQXUAhgOTX___p2Xb7gGdA does not meet criteria..FAILED
2020-04-30 13:40:57,424 - root - DEBUG - StreamClient/get_stream_members()
2020-04-30 13:40:57,680 - root - DEBUG - We2YktZKf5k_GvvF-jK4m3___p2R090_dA does not meet criteria..FAILED
2020-04-30 13:40:57,681 - root - DEBUG - StreamClient/get_stream_members()
2020-04-30 13:40:57,939 - root - DEBUG - 4XOavzr3fyUbbkv_r3szz3___p2R08kFdA does not meet criteria..FAILED
2020-04-30 13:40:57,939 - root - DEBUG - StreamClient/get_stream_members()
2020-04-30 13:40:58,195 - root - DEBUG - XXXFd0VunSUnQvnOc-Q2gn___p2R08GqdA does not meet criteria..FAILED
2020-04-30 13:40:58,195 - root - DEBUG - StreamClient/get_stream_members()
2020-04-30 13:40:58,454 - root - DEBUG - MwyAWcoJIzFHSVajaqFsM3___p2R01ywdA does not meet criteria..FAILED
2020-04-30 13:40:58,455 - root - DEBUG - StreamClient/get_stream_members()
2020-04-30 13:40:58,712 - root - DEBUG - XwvGrW1MytvoNe--Md0e93___p2R01iqdA does not meet criteria..FAILED
2020-04-30 13:40:58,712 - root - DEBUG - StreamClient/get_stream_members()
2020-04-30 13:40:58,970 - root - DEBUG - cX_6xaZuhatbOH2tKGHoLH___p2R01gXdA does not meet criteria..FAILED
2020-04-30 13:40:58,970 - root - DEBUG - StreamClient/get_stream_members()
2020-04-30 13:40:59,231 - root - DEBUG - NJOCqDohVmKQutrHJyWEO3___p2Rz9aVdA does not meet criteria..FAILED
2020-04-30 13:40:59,232 - root - DEBUG - StreamClient/get_stream_members()
2020-04-30 13:40:59,486 - root - DEBUG - Z9qDsZ9ZMzkAcP_xo2R3mH___p2QRbJOdA does not meet criteria..FAILED
2020-04-30 13:40:59,486 - root - DEBUG - StreamClient/get_stream_members()
2020-04-30 13:40:59,744 - root - DEBUG - vWeNQ4rsfh0sE8j5yhaCSX___p2QROqbdA does not meet criteria..FAILED
2020-04-30 13:40:59,744 - root - DEBUG - StreamClient/get_stream_members()
2020-04-30 13:41:00,010 - root - DEBUG - KymTIwNmA99lragIF7Lf0n___p2QROdadA does not meet criteria..FAILED
2020-04-30 13:41:00,010 - root - DEBUG - StreamClient/get_stream_members()
2020-04-30 13:41:00,272 - root - DEBUG - wFMz59NKYMci_UbjxKv6QX___p2QROTQdA does not meet criteria..FAILED
2020-04-30 13:41:00,272 - root - DEBUG - StreamClient/get_stream_members()
2020-04-30 13:41:00,527 - root - DEBUG - JswHwsWzbuCURnG37T0rHn___p2QRNz1dA does not meet criteria..FAILED
2020-04-30 13:41:00,528 - root - DEBUG - StreamClient/get_stream_members()
2020-04-30 13:41:00,783 - root - DEBUG - 2EOhrq8nJ2iPJe5LVMr-Vn___p2JS-ZNdA does not meet criteria..FAILED
2020-04-30 13:41:00,783 - root - DEBUG - StreamClient/get_stream_members()
2020-04-30 13:41:01,041 - root - DEBUG - StreamClient/get_stream_members()
2020-04-30 13:41:01,302 - root - DEBUG - fsdVwzI5nVOiKvWLh5Hz03___p1pUHyudA does not meet criteria..FAILED
2020-04-30 13:41:01,302 - root - DEBUG - StreamClient/get_stream_members()
2020-04-30 13:41:01,559 - root - DEBUG - XudsZxUUngkFWb0A24FMpn___p1pDwrtdA does not meet criteria..FAILED
2020-04-30 13:41:01,559 - root - DEBUG - StreamClient/get_stream_members()
2020-04-30 13:41:01,822 - root - DEBUG - StreamClient/get_stream_members()
2020-04-30 13:41:02,077 - root - DEBUG - StreamClient/get_stream_members()
2020-04-30 13:41:02,348 - root - DEBUG - StreamClient/get_stream_members()
2020-04-30 13:41:02,607 - root - DEBUG - StreamClient/get_stream_members()
2020-04-30 13:41:02,870 - root - DEBUG - StreamClient/get_stream_members()
2020-04-30 13:41:03,129 - root - DEBUG - StreamClient/get_stream_members()
2020-04-30 13:41:03,402 - root - DEBUG - 93S85f6TauY3sx0CSZM2EX___p1P26HQdA does not meet criteria..FAILED
2020-04-30 13:41:03,402 - root - DEBUG - StreamClient/get_stream_members()
2020-04-30 13:41:03,658 - root - DEBUG - StreamClient/get_stream_members()
2020-04-30 13:41:03,924 - root - DEBUG - 4bgpbcfV24np-QucOYGO4n___p1GUAWAdA does not meet criteria..FAILED
2020-04-30 13:41:03,924 - root - DEBUG - StreamClient/get_stream_members()
2020-04-30 13:41:04,180 - root - DEBUG - StreamClient/get_stream_members()
2020-04-30 13:41:04,446 - root - DEBUG - StreamClient/get_stream_members()
2020-04-30 13:41:04,701 - root - DEBUG - StreamClient/get_stream_members()
2020-04-30 13:41:04,966 - root - DEBUG - StreamClient/get_stream_members()
2020-04-30 13:41:05,221 - root - DEBUG - StreamClient/get_stream_members()
2020-04-30 13:41:05,481 - root - DEBUG - StreamClient/get_stream_members()
2020-04-30 13:41:05,750 - root - DEBUG - L4BSQR_3VZIa4uYF4-Cmfn___p1GRewNdA does not meet criteria..FAILED
2020-04-30 13:41:05,750 - root - DEBUG - StreamClient/get_stream_members()
2020-04-30 13:41:06,006 - root - DEBUG - wljILdQ5JXfx6SdLclAYCX___p1GRetfdA does not meet criteria..FAILED
2020-04-30 13:41:06,007 - root - DEBUG - StreamClient/get_stream_members()
2020-04-30 13:41:06,280 - root - DEBUG - I9jjdGhxsDR5VvfalMZGUn___p1GRepgdA does not meet criteria..FAILED
2020-04-30 13:41:06,280 - root - DEBUG - StreamClient/get_stream_members()
2020-04-30 13:41:06,537 - root - DEBUG - cPLMrQlmnWKwXbm_p4Jud3___p1GRZAZdA does not meet criteria..FAILED
2020-04-30 13:41:06,537 - root - DEBUG - StreamClient/get_stream_members()
2020-04-30 13:41:06,803 - root - DEBUG - B8E_oiykBHh2HrA3t_3fgn___p1GRSOPdA does not meet criteria..FAILED
2020-04-30 13:41:06,803 - root - DEBUG - StreamClient/get_stream_members()
2020-04-30 13:41:07,059 - root - DEBUG - StreamClient/get_stream_members()
2020-04-30 13:41:07,345 - root - DEBUG - MSSp_c2ZqWAk88mOnVbjHX___p0LYBGUdA does not meet criteria..FAILED
2020-04-30 13:41:07,345 - root - DEBUG - StreamClient/get_stream_members()
2020-04-30 13:41:07,600 - root - DEBUG - StreamClient/get_stream_members()
2020-04-30 13:41:07,868 - root - DEBUG - StreamClient/get_stream_members()
2020-04-30 13:41:08,126 - root - DEBUG - StreamClient/get_stream_members()
2020-04-30 13:41:08,390 - root - DEBUG - 0iuEJHz0OeMUpdeyAapCU3___p0IVhLzdA does not meet criteria..FAILED
2020-04-30 13:41:08,390 - root - DEBUG - StreamClient/get_stream_members()
2020-04-30 13:41:08,645 - root - DEBUG - StreamClient/get_stream_members()
2020-04-30 13:41:08,910 - root - DEBUG - StreamClient/get_stream_members()
2020-04-30 13:41:09,187 - root - DEBUG - StreamClient/get_stream_members()
2020-04-30 13:41:09,442 - root - DEBUG - StreamClient/get_stream_members()
2020-04-30 13:41:09,754 - root - DEBUG - zu-RhTxduI0L_MpS6sGQEH___pz86-ytdA does not meet criteria..FAILED
2020-04-30 13:41:09,754 - root - DEBUG - StreamClient/get_stream_members()
2020-04-30 13:41:10,010 - root - DEBUG - StreamClient/get_stream_members()
2020-04-30 13:41:10,292 - root - DEBUG - StreamClient/get_stream_members()
2020-04-30 13:41:10,549 - root - DEBUG - StreamClient/get_stream_members()
2020-04-30 13:41:10,827 - root - DEBUG - JbusJyBB_xNvaQJZBwT-1X___pzeJrfAdA meets criteria..PASSED!
2020-04-30 13:41:10,827 - root - DEBUG - StreamClient/get_stream_members()
2020-04-30 13:41:11,097 - root - DEBUG - NLJE0kRbiJ8ldHUaApwBF3___pzdZWlEdA does not meet criteria..FAILED
2020-04-30 13:41:11,097 - root - DEBUG - StreamClient/get_stream_members()
2020-04-30 13:41:11,352 - root - DEBUG - StreamClient/get_stream_members()
2020-04-30 13:41:11,620 - root - DEBUG - StreamClient/get_stream_members()
2020-04-30 13:41:11,879 - root - DEBUG - StreamClient/get_stream_members()
2020-04-30 13:41:12,145 - root - DEBUG - UAYYb6PoZ9IGZK4wUPN_EH___px3B1DVdA does not meet criteria..FAILED
2020-04-30 13:41:12,146 - root - DEBUG - StreamClient/get_stream_members()
2020-04-30 13:41:12,403 - root - DEBUG - StreamClient/get_stream_members()
2020-04-30 13:41:12,668 - root - DEBUG - I0jg8R4Hn652Z0VFOtnyk3___pwzZLuPdA does not meet criteria..FAILED
2020-04-30 13:41:12,668 - root - DEBUG - StreamClient/get_stream_members()
2020-04-30 13:41:12,925 - root - DEBUG - V6d0R6nEyQGD17pP-7Svv3___pwzY8dWdA does not meet criteria..FAILED
2020-04-30 13:41:12,925 - root - DEBUG - StreamClient/get_stream_members()
2020-04-30 13:41:13,199 - root - DEBUG - M_byUml2OfPcQvhrudCpGH___pwvSHyUdA does not meet criteria..FAILED
2020-04-30 13:41:13,199 - root - DEBUG - StreamClient/get_stream_members()
2020-04-30 13:41:13,473 - root - DEBUG - JxtG4EUBFbSaJKeKZ-tr73___pwt-GGNdA does not meet criteria..FAILED
2020-04-30 13:41:13,473 - root - DEBUG - StreamClient/get_stream_members()
2020-04-30 13:41:13,743 - root - DEBUG - StreamClient/get_stream_members()
2020-04-30 13:41:13,999 - root - DEBUG - StreamClient/get_stream_members()
2020-04-30 13:41:14,263 - root - DEBUG - 35QcmmS6DlCnTMCX6yZ4FX___pwLRghmdA does not meet criteria..FAILED
2020-04-30 13:41:14,264 - root - DEBUG - StreamClient/get_stream_members()
2020-04-30 13:41:14,522 - root - DEBUG - w5fo_kRVFK18jqX2GfbQAH___pwGk5j6dA does not meet criteria..FAILED
2020-04-30 13:41:14,522 - root - DEBUG - StreamClient/get_stream_members()
2020-04-30 13:41:14,791 - root - DEBUG - afTGGVNeeR3g2gU8k25lnX___pvX_iMMdA does not meet criteria..FAILED
2020-04-30 13:41:14,791 - root - DEBUG - StreamClient/get_stream_members()
2020-04-30 13:41:15,109 - root - DEBUG - 6mk5ZrQ0hqBt6y3BTiuAtn___pvJUijXdA does not meet criteria..FAILED
2020-04-30 13:41:15,109 - root - DEBUG - StreamClient/get_stream_members()
2020-04-30 13:41:15,375 - root - DEBUG - StreamClient/get_stream_members()
2020-04-30 13:41:15,640 - root - DEBUG - 2oSeimIOjgk6rT0XcsFN33___pvI0q_gdA does not meet criteria..FAILED
2020-04-30 13:41:15,640 - root - DEBUG - StreamClient/get_stream_members()
2020-04-30 13:41:15,907 - root - DEBUG - StreamClient/get_stream_members()
2020-04-30 13:41:16,171 - root - DEBUG - StreamClient/get_stream_members()
2020-04-30 13:41:16,442 - root - DEBUG - _nDFWxuA16GwxwpjGDHirX___puYi7tJdA does not meet criteria..FAILED
2020-04-30 13:41:16,442 - root - DEBUG - StreamClient/get_stream_members()
2020-04-30 13:41:16,698 - root - DEBUG - dg8MF3KqL2ohBJz4IP0YxX___puW3HeIdA does not meet criteria..FAILED
2020-04-30 13:41:16,698 - root - DEBUG - StreamClient/get_stream_members()
2020-04-30 13:41:16,977 - root - DEBUG - 7_VL4xAzW5DjZzFr460_r3___pt2rXaydA does not meet criteria..FAILED
2020-04-30 13:41:16,977 - root - DEBUG - StreamClient/get_stream_members()
2020-04-30 13:41:17,236 - root - DEBUG - zgOO8CpHrKVPg1xZrW7ae3___pt2C7xGdA does not meet criteria..FAILED
2020-04-30 13:41:17,236 - root - DEBUG - StreamClient/get_stream_members()
2020-04-30 13:41:17,497 - root - DEBUG - StreamClient/get_stream_members()
2020-04-30 13:41:17,761 - root - DEBUG - StreamClient/get_stream_members()
2020-04-30 13:41:18,019 - root - DEBUG - StreamClient/get_stream_members()
2020-04-30 13:41:18,289 - root - DEBUG - StreamClient/get_stream_members()
2020-04-30 13:41:18,546 - root - DEBUG - StreamClient/get_stream_members()
2020-04-30 13:41:18,814 - root - DEBUG - StreamClient/get_stream_members()
2020-04-30 13:41:19,071 - root - DEBUG - StreamClient/get_stream_members()
2020-04-30 13:41:19,350 - root - DEBUG - S56-svtopUp5Q7nxxBncgn___ptdVjGidA does not meet criteria..FAILED
2020-04-30 13:41:19,350 - root - DEBUG - StreamClient/get_stream_members()
2020-04-30 13:41:19,606 - root - DEBUG - StreamClient/get_stream_members()
2020-04-30 13:41:19,861 - root - DEBUG - StreamClient/get_stream_members()
2020-04-30 13:41:20,128 - root - DEBUG - StreamClient/get_stream_members()
2020-04-30 13:41:20,382 - root - DEBUG - kf_JpA3a6Gg8yJusWjy9aH___ptOxy_LdA does not meet criteria..FAILED
2020-04-30 13:41:20,383 - root - DEBUG - StreamClient/get_stream_members()
2020-04-30 13:41:20,649 - root - DEBUG - StreamClient/get_stream_members()
2020-04-30 13:41:20,916 - root - DEBUG - StreamClient/get_stream_members()
2020-04-30 13:41:21,173 - root - DEBUG - StreamClient/get_stream_members()
2020-04-30 13:41:21,451 - root - DEBUG - cteT12sl9x8Lt7o2IdZMT3___ps0VC4JdA does not meet criteria..FAILED
2020-04-30 13:41:21,451 - root - DEBUG - StreamClient/get_stream_members()
2020-04-30 13:41:21,719 - root - DEBUG - StreamClient/get_stream_members()
2020-04-30 13:41:21,976 - root - DEBUG - StreamClient/get_stream_members()
2020-04-30 13:41:22,242 - root - DEBUG - StreamClient/get_stream_members()
2020-04-30 13:41:22,512 - root - DEBUG - rteT13ZwgseKK-tit_qJr3___psntauVdA does not meet criteria..FAILED
2020-04-30 13:41:22,513 - root - DEBUG - StreamClient/get_stream_members()
2020-04-30 13:41:22,777 - root - DEBUG - StreamClient/get_stream_members()
2020-04-30 13:41:23,044 - root - DEBUG - StreamClient/get_stream_members()
2020-04-30 13:41:23,310 - root - DEBUG - StreamClient/get_stream_members()
2020-04-30 13:41:23,568 - root - DEBUG - A82jxaLTpbftR4aBNAeDkn___psON4JedA does not meet criteria..FAILED
2020-04-30 13:41:23,568 - root - DEBUG - StreamClient/get_stream_members()
2020-04-30 13:41:23,835 - root - DEBUG - StreamClient/get_stream_members()
2020-04-30 13:41:24,090 - root - DEBUG - StreamClient/get_stream_members()
2020-04-30 13:41:24,354 - root - DEBUG - StreamClient/get_stream_members()
2020-04-30 13:41:24,611 - root - DEBUG - StreamClient/get_stream_members()
2020-04-30 13:41:24,877 - root - DEBUG - zynIZn0PTfnDkkNUSywWZH___psOGHLfdA does not meet criteria..FAILED
2020-04-30 13:41:24,877 - root - DEBUG - StreamClient/get_stream_members()
2020-04-30 13:41:25,135 - root - DEBUG - GGiLJrSHFX9NLkeL8MB2JX___psOFjZWdA does not meet criteria..FAILED
2020-04-30 13:41:25,135 - root - DEBUG - StreamClient/get_stream_members()
2020-04-30 13:41:25,403 - root - DEBUG - StreamClient/get_stream_members()
2020-04-30 13:41:25,661 - root - DEBUG - StreamClient/get_stream_members()
2020-04-30 13:41:25,920 - root - DEBUG - StreamClient/get_stream_members()
2020-04-30 13:41:26,187 - root - DEBUG - n4QdK3S7U2tkfMgc0U3iuH___psOEPCfdA does not meet criteria..FAILED
2020-04-30 13:41:26,187 - root - DEBUG - StreamClient/get_stream_members()
2020-04-30 13:41:26,446 - root - DEBUG - StreamClient/get_stream_members()
2020-04-30 13:41:26,726 - root - DEBUG - YAwDAzSOFcD5nPLFbbZOSn___psJ7XqpdA does not meet criteria..FAILED
2020-04-30 13:41:26,726 - root - DEBUG - StreamClient/get_stream_members()
2020-04-30 13:41:26,982 - root - DEBUG - StreamClient/get_stream_members()
2020-04-30 13:41:27,248 - root - DEBUG - StreamClient/get_stream_members()
2020-04-30 13:41:27,549 - root - DEBUG - rHnBEpnm2jkOFMitHc_uK3___prpicFgdA meets criteria..PASSED!
2020-04-30 13:41:27,549 - root - DEBUG - StreamClient/get_stream_members()
2020-04-30 13:41:27,814 - root - DEBUG - bVGck9wgTpuucz3pFGeBnX___prphGJ1dA does not meet criteria..FAILED
2020-04-30 13:41:27,814 - root - DEBUG - StreamClient/get_stream_members()
2020-04-30 13:41:28,071 - root - DEBUG - StreamClient/get_stream_members()
2020-04-30 13:41:28,377 - root - DEBUG - CwCnv4C4EKavWA34FIqu_X___prBx7nrdA does not meet criteria..FAILED
2020-04-30 13:41:28,377 - root - DEBUG - StreamClient/get_stream_members()
2020-04-30 13:41:28,634 - root - DEBUG - StreamClient/get_stream_members()
2020-04-30 13:41:28,899 - root - DEBUG - -VeHya7eMojYrGaoRZs053___pq74an8dA does not meet criteria..FAILED
2020-04-30 13:41:28,899 - root - DEBUG - StreamClient/get_stream_members()
2020-04-30 13:41:29,154 - root - DEBUG - c5P0ca1QtHN64YHsjc2XRX___pqnOnMCdA does not meet criteria..FAILED
2020-04-30 13:41:29,154 - root - DEBUG - StreamClient/get_stream_members()
2020-04-30 13:41:29,420 - root - DEBUG - GdzyxBPTTP-MHXjoG25yon___pqbZK5qdA does not meet criteria..FAILED
2020-04-30 13:41:29,420 - root - DEBUG - StreamClient/get_stream_members()
2020-04-30 13:41:29,678 - root - DEBUG - BcPFEO0KMEq3UcBZj7RW9X___pqbZIkTdA does not meet criteria..FAILED
2020-04-30 13:41:29,678 - root - DEBUG - StreamClient/get_stream_members()
2020-04-30 13:41:29,952 - root - DEBUG - 89nr8ifpLuAaXvdZpdrp9X___pqCH0jXdA does not meet criteria..FAILED
2020-04-30 13:41:29,953 - root - DEBUG - StreamClient/get_stream_members()
2020-04-30 13:41:30,217 - root - DEBUG - 7Cz29oYyNrUoPkDKq7X_v3___pp_ENHCdA does not meet criteria..FAILED
2020-04-30 13:41:30,217 - root - DEBUG - StreamClient/get_stream_members()
2020-04-30 13:41:30,483 - root - DEBUG - StreamClient/get_stream_members()
2020-04-30 13:41:30,739 - root - DEBUG - StreamClient/get_stream_members()
2020-04-30 13:41:31,010 - root - DEBUG - StreamClient/get_stream_members()
2020-04-30 13:41:31,267 - root - DEBUG - StreamClient/get_stream_members()
2020-04-30 13:41:31,532 - root - DEBUG - StreamClient/get_stream_members()
2020-04-30 13:41:31,788 - root - DEBUG - StreamClient/get_stream_members()
2020-04-30 13:41:32,053 - root - DEBUG - CHxk4ZqjyRjDXZORDJKOCX___po3QoEadA meets criteria..PASSED!
2020-04-30 13:41:32,054 - root - DEBUG - StreamClient/get_stream_members()
2020-04-30 13:41:32,320 - root - DEBUG - StreamClient/get_stream_members()
2020-04-30 13:41:32,575 - root - DEBUG - StreamClient/get_stream_members()
2020-04-30 13:41:32,841 - root - DEBUG - StreamClient/get_stream_members()
2020-04-30 13:41:33,098 - root - DEBUG - StreamClient/get_stream_members()
2020-04-30 13:41:33,365 - root - DEBUG - StreamClient/get_stream_members()
2020-04-30 13:41:33,623 - root - DEBUG - StreamClient/get_stream_members()
2020-04-30 13:41:33,886 - root - DEBUG - StreamClient/get_stream_members()
2020-04-30 13:41:34,142 - root - DEBUG - StreamClient/get_stream_members()
2020-04-30 13:41:34,416 - root - DEBUG - -lavL5307wyBnPJTwi6NUH___poNpZoJdA does not meet criteria..FAILED
2020-04-30 13:41:34,418 - root - DEBUG - StreamClient/get_stream_members()
2020-04-30 13:41:34,684 - root - DEBUG - _lH-jPMkcJIsy2nmLup0KX___poMfwmYdA does not meet criteria..FAILED
2020-04-30 13:41:34,684 - root - DEBUG - StreamClient/get_stream_members()
2020-04-30 13:41:34,959 - root - DEBUG - LN19zzqYBE4pF1GBrCHsoH___poMfR7TdA does not meet criteria..FAILED
2020-04-30 13:41:34,959 - root - DEBUG - StreamClient/get_stream_members()
2020-04-30 13:41:35,215 - root - DEBUG - fNhKkUW9w8WG29bnVbaiQn___pnxcHJzdA does not meet criteria..FAILED
2020-04-30 13:41:35,215 - root - DEBUG - StreamClient/get_stream_members()
2020-04-30 13:41:35,479 - root - DEBUG - StreamClient/get_stream_members()
2020-04-30 13:41:35,749 - root - DEBUG - 3VT46C73LDA2Du50drVofn___pnsIzUrdA does not meet criteria..FAILED
2020-04-30 13:41:35,749 - root - DEBUG - StreamClient/get_stream_members()
2020-04-30 13:41:36,012 - root - DEBUG - StreamClient/get_stream_members()
2020-04-30 13:41:36,270 - root - DEBUG - rdTLZuHdx768-9lqZItQFH___pnPtFvmdA does not meet criteria..FAILED
2020-04-30 13:41:36,271 - root - DEBUG - StreamClient/get_stream_members()
2020-04-30 13:41:36,535 - root - DEBUG - StreamClient/get_stream_members()
2020-04-30 13:41:36,801 - root - DEBUG - StreamClient/get_stream_members()
2020-04-30 13:41:37,061 - root - DEBUG - StreamClient/get_stream_members()
2020-04-30 13:41:37,327 - root - DEBUG - StreamClient/get_stream_members()
2020-04-30 13:41:37,583 - root - DEBUG - StreamClient/get_stream_members()
2020-04-30 13:41:37,848 - root - DEBUG - StreamClient/get_stream_members()
2020-04-30 13:41:38,109 - root - DEBUG - StreamClient/get_stream_members()
2020-04-30 13:41:38,375 - root - DEBUG - StreamClient/get_stream_members()
2020-04-30 13:41:38,630 - root - DEBUG - StreamClient/get_stream_members()
2020-04-30 13:41:38,894 - root - DEBUG - StreamClient/get_stream_members()
2020-04-30 13:41:39,159 - root - DEBUG - StreamClient/get_stream_members()
2020-04-30 13:41:39,415 - root - DEBUG - 6Hd4DJKEx2NZNXBGqAJod3___pmceAwCdA does not meet criteria..FAILED
2020-04-30 13:41:39,415 - root - DEBUG - StreamClient/get_stream_members()
2020-04-30 13:41:39,679 - root - DEBUG - StreamClient/get_stream_members()
2020-04-30 13:41:39,936 - root - DEBUG - StreamClient/get_stream_members()
2020-04-30 13:41:40,210 - root - DEBUG - 4dQwQurq-rzDQza6EAZKJn___pl6uEOAdA does not meet criteria..FAILED
2020-04-30 13:41:40,210 - root - DEBUG - StreamClient/get_stream_members()
2020-04-30 13:41:40,475 - root - DEBUG - F3iGCMaIAs4i5gUHnUlIFH___pl5qGzndA does not meet criteria..FAILED
2020-04-30 13:41:40,475 - root - DEBUG - StreamClient/get_stream_members()
2020-04-30 13:41:40,743 - root - DEBUG - jVGzbgeGgsCWiJhkVDO9hX___pl5lQnEdA does not meet criteria..FAILED
2020-04-30 13:41:40,743 - root - DEBUG - StreamClient/get_stream_members()
2020-04-30 13:41:41,051 - root - DEBUG - lZ94zIEBKeAUDX5XnmTQxn___pliyWmMdA does not meet criteria..FAILED
2020-04-30 13:41:41,051 - root - DEBUG - StreamClient/get_stream_members()
2020-04-30 13:41:41,313 - root - DEBUG - VKRQDi1sVpPkYc4Z6ZtZbX___pliucnhdA does not meet criteria..FAILED
2020-04-30 13:41:41,314 - root - DEBUG - StreamClient/get_stream_members()
2020-04-30 13:41:41,578 - root - DEBUG - 1KNXaEcrJCEt83N2hAyBn3___plitp28dA does not meet criteria..FAILED
2020-04-30 13:41:41,578 - root - DEBUG - StreamClient/get_stream_members()
2020-04-30 13:41:41,841 - root - DEBUG - StreamClient/get_stream_members()
2020-04-30 13:41:42,105 - root - DEBUG - nigOmQNTF8dq3gZMvxrDGX___pk6fb8OdA does not meet criteria..FAILED
2020-04-30 13:41:42,105 - root - DEBUG - StreamClient/get_stream_members()
2020-04-30 13:41:42,372 - root - DEBUG - nvRXsP6DsHRoXNrXMe-AlH___pk6fUMmdA does not meet criteria..FAILED
2020-04-30 13:41:42,372 - root - DEBUG - StreamClient/get_stream_members()
2020-04-30 13:41:42,628 - root - DEBUG - w061TX-Tp_60mcx5kM9lW3___pk6eRX6dA does not meet criteria..FAILED
2020-04-30 13:41:42,628 - root - DEBUG - StreamClient/get_stream_members()
2020-04-30 13:41:42,894 - root - DEBUG - OaELwQeWzGixwrsEKVQt-X___pk6eOd-dA does not meet criteria..FAILED
2020-04-30 13:41:42,894 - root - DEBUG - StreamClient/get_stream_members()
2020-04-30 13:41:43,151 - root - DEBUG - BTOrORaWWv760XzcT1AGNX___pk6YoWrdA does not meet criteria..FAILED
2020-04-30 13:41:43,151 - root - DEBUG - StreamClient/get_stream_members()
2020-04-30 13:41:43,423 - root - DEBUG - kfOxtk6xK8_Ft0uPFg4qz3___pk5HrtbdA does not meet criteria..FAILED
2020-04-30 13:41:43,424 - root - DEBUG - StreamClient/get_stream_members()
2020-04-30 13:41:43,686 - root - DEBUG - XSswIBh4vIICosVYveOOLH___pk5HhmWdA does not meet criteria..FAILED
2020-04-30 13:41:43,686 - root - DEBUG - StreamClient/get_stream_members()
2020-04-30 13:41:43,960 - root - DEBUG - YTtZxWDvrE4JPSGJt1upnH___pk5HU5odA does not meet criteria..FAILED
2020-04-30 13:41:43,960 - root - DEBUG - StreamClient/get_stream_members()
2020-04-30 13:41:44,223 - root - DEBUG - 2SiiacTz0PxZt1deu00HUX___pk5G7JCdA does not meet criteria..FAILED
2020-04-30 13:41:44,223 - root - DEBUG - StreamClient/get_stream_members()
2020-04-30 13:41:44,492 - root - DEBUG - HJttwHRuPwpiJHKCcKcNsX___pk5G1KgdA does not meet criteria..FAILED
2020-04-30 13:41:44,492 - root - DEBUG - StreamClient/get_stream_members()
2020-04-30 13:41:44,757 - root - DEBUG - r9aJgniFXF-YVm8M6gyLvn___pk5GpUydA does not meet criteria..FAILED
2020-04-30 13:41:44,757 - root - DEBUG - StreamClient/get_stream_members()
2020-04-30 13:41:45,020 - root - DEBUG - 1Z_fdWMlkcppjJLE6nz7S3___pk5GcYwdA does not meet criteria..FAILED
2020-04-30 13:41:45,020 - root - DEBUG - StreamClient/get_stream_members()
2020-04-30 13:41:45,298 - root - DEBUG - Fc1-C1lD-eNDLloGUA1bvX___pk5GTGrdA does not meet criteria..FAILED
2020-04-30 13:41:45,298 - root - DEBUG - StreamClient/get_stream_members()
2020-04-30 13:41:45,565 - root - DEBUG - 904SR0CCPCiPlaVC_rbSxX___pk0yh7HdA does not meet criteria..FAILED
2020-04-30 13:41:45,565 - root - DEBUG - StreamClient/get_stream_members()
2020-04-30 13:41:45,830 - root - DEBUG - P0bbE5nYoc8JMzXVlpZa3n___pkrXyibdA does not meet criteria..FAILED
2020-04-30 13:41:45,830 - root - DEBUG - StreamClient/get_stream_members()
2020-04-30 13:41:46,098 - root - DEBUG - A0c3M8ImxY0ESSCACz-bH3___pkceVBLdA does not meet criteria..FAILED
2020-04-30 13:41:46,098 - root - DEBUG - StreamClient/get_stream_members()
2020-04-30 13:41:46,370 - root - DEBUG - omcNbK3VeddCcRbWR3MHd3___pkcdoEudA does not meet criteria..FAILED
2020-04-30 13:41:46,370 - root - DEBUG - StreamClient/get_stream_members()
2020-04-30 13:41:46,634 - root - DEBUG - 9cuLeShm5Vgqz8F2lJJqA3___pkOmrdCdA meets criteria..PASSED!
2020-04-30 13:41:46,634 - root - DEBUG - StreamClient/get_stream_members()
2020-04-30 13:41:46,908 - root - DEBUG - sRg9LK4UBhcUwTw0zmv8y3___pkHQFJwdA meets criteria..PASSED!
2020-04-30 13:41:46,908 - root - DEBUG - StreamClient/get_stream_members()
2020-04-30 13:41:47,170 - root - DEBUG - YltJYM0dHwdFgtVvpgbtVH___pjUTdsidA does not meet criteria..FAILED
2020-04-30 13:41:47,170 - root - DEBUG - StreamClient/get_stream_members()
2020-04-30 13:41:47,443 - root - DEBUG - QGne0ffXsLiLEizY8l0dT3___pipRO-XdA does not meet criteria..FAILED
2020-04-30 13:41:47,443 - root - DEBUG - StreamClient/get_stream_members()
2020-04-30 13:41:47,714 - root - DEBUG - aga7ldetzEQ1Fwj8VLXCN3___pii2Gn5dA does not meet criteria..FAILED
2020-04-30 13:41:47,714 - root - DEBUG - StreamClient/get_stream_members()
2020-04-30 13:41:47,980 - root - DEBUG - l8unF_buiIMD9McLu0HQkX___pho01V7dA meets criteria..PASSED!
2020-04-30 13:41:47,981 - root - DEBUG - StreamClient/get_stream_members()
2020-04-30 13:41:48,247 - root - DEBUG - StreamClient/get_stream_members()
2020-04-30 13:41:48,515 - root - DEBUG - StreamClient/get_stream_members()
2020-04-30 13:41:48,771 - root - DEBUG - StreamClient/get_stream_members()
2020-04-30 13:41:49,037 - root - DEBUG - StreamClient/get_stream_members()
2020-04-30 13:41:49,294 - root - DEBUG - _Ne6W7ePGwr56Txro3UFRH___phW0KUWdA does not meet criteria..FAILED
2020-04-30 13:41:49,294 - root - DEBUG - StreamClient/get_stream_members()
2020-04-30 13:41:49,559 - root - DEBUG - oKPFBi65BrTYApUGOQRpEX___phWzzXVdA does not meet criteria..FAILED
2020-04-30 13:41:49,559 - root - DEBUG - StreamClient/get_stream_members()
2020-04-30 13:41:49,817 - root - DEBUG - 6eKbshWOfGYvPs9BJZfS93___phWzhS0dA does not meet criteria..FAILED
2020-04-30 13:41:49,817 - root - DEBUG - StreamClient/get_stream_members()
2020-04-30 13:41:50,093 - root - DEBUG - mv0odjqVmhqBvtUTn1Qihn___phTJ2HRdA does not meet criteria..FAILED
2020-04-30 13:41:50,093 - root - DEBUG - StreamClient/get_stream_members()
2020-04-30 13:41:50,351 - root - DEBUG - StreamClient/get_stream_members()
2020-04-30 13:41:50,617 - root - DEBUG - StreamClient/get_stream_members()
2020-04-30 13:41:50,892 - root - DEBUG - -q2b7wcgEBf6U7OpsyNYCH___pgtu_GxdA does not meet criteria..FAILED
2020-04-30 13:41:50,892 - root - DEBUG - StreamClient/get_stream_members()
2020-04-30 13:41:51,149 - root - DEBUG - StreamClient/get_stream_members()
2020-04-30 13:41:51,413 - root - DEBUG - StreamClient/get_stream_members()
2020-04-30 13:41:51,668 - root - DEBUG - StreamClient/get_stream_members()
2020-04-30 13:41:51,935 - root - DEBUG - StreamClient/get_stream_members()
2020-04-30 13:41:52,193 - root - DEBUG - StreamClient/get_stream_members()
2020-04-30 13:41:52,459 - root - DEBUG - StreamClient/get_stream_members()
2020-04-30 13:41:52,725 - root - DEBUG - dGJ0_AkKNgqG1hXyOnxiPH___pfS0l2PdA does not meet criteria..FAILED
2020-04-30 13:41:52,725 - root - DEBUG - StreamClient/get_stream_members()
2020-04-30 13:41:52,980 - root - DEBUG - StreamClient/get_stream_members()
2020-04-30 13:41:53,256 - root - DEBUG - jJei-aHaCNfROsz1fzeIuX___pUV_AeadA does not meet criteria..FAILED
2020-04-30 13:41:53,256 - root - DEBUG - StreamClient/get_stream_members()
2020-04-30 13:41:53,511 - root - DEBUG - StreamClient/get_stream_members()
2020-04-30 13:41:53,777 - root - DEBUG - StreamClient/get_stream_members()
2020-04-30 13:41:54,036 - root - DEBUG - StreamClient/get_stream_members()
2020-04-30 13:41:54,301 - root - DEBUG - StreamClient/get_stream_members()
2020-04-30 13:41:54,559 - root - DEBUG - StreamClient/get_stream_members()
2020-04-30 13:41:54,837 - root - DEBUG - Mw5V9GmZb_Aiy_dXuV1CtH___pUG-WMjdA meets criteria..PASSED!
2020-04-30 13:41:54,837 - root - DEBUG - StreamClient/get_stream_members()
2020-04-30 13:41:55,109 - root - DEBUG - StreamClient/get_stream_members()
2020-04-30 13:41:55,366 - root - DEBUG - StreamClient/get_stream_members()
2020-04-30 13:41:55,632 - root - DEBUG - StreamClient/get_stream_members()
2020-04-30 13:41:55,888 - root - DEBUG - StreamClient/get_stream_members()
2020-04-30 13:41:56,162 - root - DEBUG - xQDZWdGUkuB90YDMJd7k8X___pTUoSfBdA does not meet criteria..FAILED
2020-04-30 13:41:56,162 - root - DEBUG - StreamClient/get_stream_members()
2020-04-30 13:41:56,446 - root - DEBUG - doYBzyzW6bKHJo1PaNJmm3___pTUdOYqdA meets criteria..PASSED!
2020-04-30 13:41:56,446 - root - DEBUG - StreamClient/get_stream_members()
2020-04-30 13:41:56,712 - root - DEBUG - rmxqWXATlK_f7FBEUgtOOH___pTT6F0gdA does not meet criteria..FAILED
2020-04-30 13:41:56,712 - root - DEBUG - StreamClient/get_stream_members()
2020-04-30 13:41:56,991 - root - DEBUG - aKtVAqJg9ta4-6A6UZkmUn___pTOu7LCdA does not meet criteria..FAILED
2020-04-30 13:41:56,991 - root - DEBUG - StreamClient/get_stream_members()
2020-04-30 13:41:57,305 - root - DEBUG - VGOJlVQzs2T2n-cKHck6Zn___pSUOfi1dA meets criteria..PASSED!
2020-04-30 13:41:57,305 - root - DEBUG - StreamClient/get_stream_members()
2020-04-30 13:41:57,577 - root - DEBUG - HIYVK-9P8cRl_0l1HWTNHH___pSLrRNHdA meets criteria..PASSED!
2020-04-30 13:41:57,577 - root - DEBUG - StreamClient/get_stream_members()
2020-04-30 13:41:57,839 - root - DEBUG - CTcFDGti3l0n3IA4YkfxY3___pRhuuYXdA does not meet criteria..FAILED
2020-04-30 13:41:57,840 - root - DEBUG - StreamClient/get_stream_members()
2020-04-30 13:41:58,117 - root - DEBUG - vadS-g4c0AFazbpYaoo55X___pRU3Iu-dA does not meet criteria..FAILED
2020-04-30 13:41:58,117 - root - DEBUG - StreamClient/get_stream_members()
2020-04-30 13:41:58,379 - root - DEBUG - lK1dfSOQ2KSOtNut4JjDU3___pRD9a0zdA does not meet criteria..FAILED
2020-04-30 13:41:58,380 - root - DEBUG - StreamClient/get_stream_members()
2020-04-30 13:41:58,652 - root - DEBUG - P74RDWflemuyDq-JlWkNQX___pRCT2FVdA does not meet criteria..FAILED
2020-04-30 13:41:58,652 - root - DEBUG - StreamClient/get_stream_members()
2020-04-30 13:41:58,909 - root - DEBUG - dIpl2NOv7bPI8bIQFvL1MH___pRCEM4SdA does not meet criteria..FAILED
2020-04-30 13:41:58,909 - root - DEBUG - StreamClient/get_stream_members()
2020-04-30 13:41:59,186 - root - DEBUG - StreamClient/get_stream_members()
2020-04-30 13:41:59,453 - root - DEBUG - StreamClient/get_stream_members()
2020-04-30 13:41:59,728 - root - DEBUG - eFTO-nJ2ooAOiFCIIczSG3___pP2QKLldA meets criteria..PASSED!
2020-04-30 13:41:59,728 - root - DEBUG - StreamClient/get_stream_members()
2020-04-30 13:41:59,998 - root - DEBUG - r_WZk9LJVkYZHX7D_eQkgX___pPREU_WdA meets criteria..PASSED!
2020-04-30 13:41:59,998 - root - DEBUG - StreamClient/get_stream_members()
2020-04-30 13:42:00,271 - root - DEBUG - 44mOdFYOk-1b0_96sFcYKn___pN0N_jLdA does not meet criteria..FAILED
2020-04-30 13:42:00,271 - root - DEBUG - StreamClient/get_stream_members()
2020-04-30 13:42:00,542 - root - DEBUG - Hkjrw98eD9dBYUb_hl8B8H___pNNNjtqdA does not meet criteria..FAILED
2020-04-30 13:42:00,543 - root - DEBUG - StreamClient/get_stream_members()
2020-04-30 13:42:00,814 - root - DEBUG - StreamClient/get_stream_members()
2020-04-30 13:42:01,088 - root - DEBUG - _FDebUbb2ouvSjHyJG6jAX___pMOFkcNdA does not meet criteria..FAILED
2020-04-30 13:42:01,088 - root - DEBUG - StreamClient/get_stream_members()
2020-04-30 13:42:01,360 - root - DEBUG - R9q1EtkvOU45qwrzmO2BDn___pMHYAJYdA does not meet criteria..FAILED
2020-04-30 13:42:01,360 - root - DEBUG - StreamClient/get_stream_members()
2020-04-30 13:42:01,636 - root - DEBUG - YpNDZvisexCxGc9Sjv_0WH___pMDPNHYdA meets criteria..PASSED!
2020-04-30 13:42:01,636 - root - DEBUG - StreamClient/get_stream_members()
2020-04-30 13:42:01,903 - root - DEBUG - SWzbGFlJfrbrSNkR7p4JS3___pLFQZOidA does not meet criteria..FAILED
2020-04-30 13:42:01,903 - root - DEBUG - StreamClient/get_stream_members()
2020-04-30 13:42:02,168 - root - DEBUG - StreamClient/get_stream_members()
2020-04-30 13:42:02,436 - root - DEBUG - 4aRsB7fFjvVKE4cL_zLN13___pKrd4ONdA does not meet criteria..FAILED
2020-04-30 13:42:02,436 - root - DEBUG - StreamClient/get_stream_members()
2020-04-30 13:42:02,712 - root - DEBUG - _cuGiAyxZ5FiRjb0ucKLUX___pKrdJOAdA meets criteria..PASSED!
2020-04-30 13:42:02,712 - root - DEBUG - StreamClient/get_stream_members()
2020-04-30 13:42:02,985 - root - DEBUG - nDqMG1Zwr_c1IEDdaY4AwH___pKrbqdZdA does not meet criteria..FAILED
2020-04-30 13:42:02,985 - root - DEBUG - StreamClient/get_stream_members()
2020-04-30 13:42:03,251 - root - DEBUG - tdlzUJsluvmgWcP2IcPCEH___pKrTwRzdA does not meet criteria..FAILED
2020-04-30 13:42:03,251 - root - DEBUG - StreamClient/get_stream_members()
2020-04-30 13:42:03,524 - root - DEBUG - Pqwo9iOhNtAkHWkd9jungn___pKdCLRRdA does not meet criteria..FAILED
2020-04-30 13:42:03,525 - root - DEBUG - StreamClient/get_stream_members()
2020-04-30 13:42:03,791 - root - DEBUG - DH7velfgJjPYwW5WtlJJD3___pKYwuNDdA does not meet criteria..FAILED
2020-04-30 13:42:03,791 - root - DEBUG - StreamClient/get_stream_members()
2020-04-30 13:42:04,068 - root - DEBUG - zMjUN0z78zj-xBKToRSCtX___pKRkOh7dA does not meet criteria..FAILED
2020-04-30 13:42:04,068 - root - DEBUG - StreamClient/get_stream_members()
2020-04-30 13:42:04,334 - root - DEBUG - ODW44SPAd6EVbXFYQA-Hb3___pJx9aptdA meets criteria..PASSED!
2020-04-30 13:42:04,334 - root - DEBUG - StreamClient/get_stream_members()
2020-04-30 13:42:04,607 - root - DEBUG - owkEQDqyA7xcYPGgHPaYLH___pJo1bMhdA does not meet criteria..FAILED
2020-04-30 13:42:04,607 - root - DEBUG - StreamClient/get_stream_members()
2020-04-30 13:42:04,869 - root - DEBUG - Dvbg8t-R3PHtzJHt15pkGH___pJo1NDPdA meets criteria..PASSED!
2020-04-30 13:42:04,869 - root - DEBUG - StreamClient/get_stream_members()
2020-04-30 13:42:05,143 - root - DEBUG - JFbVN4cq3STA1gHX2d9MiX___pJoiBRzdA meets criteria..PASSED!
2020-04-30 13:42:05,143 - root - DEBUG - StreamClient/get_stream_members()
2020-04-30 13:42:05,400 - root - DEBUG - StreamClient/get_stream_members()
2020-04-30 13:42:05,674 - root - DEBUG - Kryu_nd0WbPzS7qUa2lfWX___pJO1ms9dA does not meet criteria..FAILED
2020-04-30 13:42:05,674 - root - DEBUG - StreamClient/get_stream_members()
2020-04-30 13:42:05,944 - root - DEBUG - 40NzRvkmodOX6tQHAn3Rjn___pJMLUP9dA meets criteria..PASSED!
2020-04-30 13:42:05,944 - root - DEBUG - StreamClient/get_stream_members()
2020-04-30 13:42:06,221 - root - DEBUG - FIFyvZwgp9omm5Qcs-9yS3___pIGAK_BdA meets criteria..PASSED!
2020-04-30 13:42:06,221 - root - DEBUG - StreamClient/get_stream_members()
2020-04-30 13:42:06,482 - root - DEBUG - StreamClient/get_stream_members()
2020-04-30 13:42:06,754 - root - DEBUG - StreamClient/get_stream_members()
2020-04-30 13:42:07,011 - root - DEBUG - StreamClient/get_stream_members()
2020-04-30 13:42:07,286 - root - DEBUG - 2mQt_5kVec10UxV_PVsG5H___pHaHXDfdA meets criteria..PASSED!
2020-04-30 13:42:07,286 - root - DEBUG - StreamClient/get_stream_members()
2020-04-30 13:42:07,550 - root - DEBUG - aMqRJoFhjb24gG22z5DazH___pHZrJE9dA does not meet criteria..FAILED
2020-04-30 13:42:07,550 - root - DEBUG - StreamClient/get_stream_members()
2020-04-30 13:42:07,825 - root - DEBUG - uOKpS8BollGkKfs0R7nRK3___pHZd33ddA does not meet criteria..FAILED
2020-04-30 13:42:07,825 - root - DEBUG - StreamClient/get_stream_members()
2020-04-30 13:42:08,090 - root - DEBUG - bYg-DZGqZSrM9pc5Flp4_n___pHZB14EdA meets criteria..PASSED!
2020-04-30 13:42:08,091 - root - DEBUG - StreamClient/get_stream_members()
2020-04-30 13:42:08,364 - root - DEBUG - CRYaLZ7TelXN-n2V9MPnIX___pG4mK3hdA meets criteria..PASSED!
2020-04-30 13:42:08,365 - root - DEBUG - StreamClient/get_stream_members()
2020-04-30 13:42:08,636 - root - DEBUG - StreamClient/get_stream_members()
2020-04-30 13:42:08,908 - root - DEBUG - IgSHE4Hc2iUVQm91EFkQ2X___pGU-M6VdA does not meet criteria..FAILED
2020-04-30 13:42:08,908 - root - DEBUG - StreamClient/get_stream_members()
2020-04-30 13:42:09,170 - root - DEBUG - APImEClpRozWzQIrzZJ_jn___pGQuaLodA does not meet criteria..FAILED
2020-04-30 13:42:09,170 - root - DEBUG - StreamClient/get_stream_members()
2020-04-30 13:42:09,425 - root - DEBUG - StreamClient/get_stream_members()
2020-04-30 13:42:09,699 - root - DEBUG - StreamClient/get_stream_members()
2020-04-30 13:42:09,977 - root - DEBUG - StreamClient/get_stream_members()
2020-04-30 13:42:10,233 - root - DEBUG - StreamClient/get_stream_members()
2020-04-30 13:42:10,519 - root - DEBUG - 3NWphXzB9hgqMsDJJka0B3___pF2CMp-dA does not meet criteria..FAILED
2020-04-30 13:42:10,520 - root - DEBUG - StreamClient/get_stream_members()
2020-04-30 13:42:10,791 - root - DEBUG - 7vbTffqTFf0rzrMVOC3J3n___pFxd4s9dA does not meet criteria..FAILED
2020-04-30 13:42:10,791 - root - DEBUG - StreamClient/get_stream_members()
2020-04-30 13:42:11,055 - root - DEBUG - Y0nCEXFi-kRdLFNUWLNDY3___pFvJHEPdA does not meet criteria..FAILED
2020-04-30 13:42:11,055 - root - DEBUG - StreamClient/get_stream_members()
2020-04-30 13:42:11,334 - root - DEBUG - fNBM13TEqotvukBkrrXua3___pEZ1FnjdA does not meet criteria..FAILED
2020-04-30 13:42:11,334 - root - DEBUG - StreamClient/get_stream_members()
2020-04-30 13:42:11,609 - root - DEBUG - hfr3-L42pweEGkLMmbuaoH___pEV4qZOdA meets criteria..PASSED!
2020-04-30 13:42:11,609 - root - DEBUG - StreamClient/get_stream_members()
2020-04-30 13:42:11,874 - root - DEBUG - CyuiazAq_0ZzYtJHXmwREn___pEQzr_bdA does not meet criteria..FAILED
2020-04-30 13:42:11,874 - root - DEBUG - StreamClient/get_stream_members()
2020-04-30 13:42:12,148 - root - DEBUG - 44M_2DcfeLTjBLPhtEfQb3___pD9bWxvdA does not meet criteria..FAILED
2020-04-30 13:42:12,148 - root - DEBUG - StreamClient/get_stream_members()
2020-04-30 13:42:12,413 - root - DEBUG - fWDD7o3aRdXuyxYF7vTyXH___pDmFgHbdA does not meet criteria..FAILED
2020-04-30 13:42:12,413 - root - DEBUG - StreamClient/get_stream_members()
2020-04-30 13:42:12,696 - root - DEBUG - 7YEGaEObhhowm5swqtFV3X___pDOtvYGdA does not meet criteria..FAILED
2020-04-30 13:42:12,696 - root - DEBUG - StreamClient/get_stream_members()
2020-04-30 13:42:12,966 - root - DEBUG - zXMN-QIhTwZuyJuptXT3h3___pDKLJiadA does not meet criteria..FAILED
2020-04-30 13:42:12,966 - root - DEBUG - StreamClient/get_stream_members()
2020-04-30 13:42:13,230 - root - DEBUG - PbJkI_Buuk7xjX81LYujvn___pDKJmLCdA does not meet criteria..FAILED
2020-04-30 13:42:13,231 - root - DEBUG - StreamClient/get_stream_members()
2020-04-30 13:42:13,503 - root - DEBUG - w6X5osmHVgnPZl_-K-u0iH___pDKJhTsdA does not meet criteria..FAILED
2020-04-30 13:42:13,503 - root - DEBUG - StreamClient/get_stream_members()
2020-04-30 13:42:13,772 - root - DEBUG - DpWVrpdCQ-M60LdW2CedFH___pDKJdCxdA does not meet criteria..FAILED
2020-04-30 13:42:13,772 - root - DEBUG - StreamClient/get_stream_members()
2020-04-30 13:42:14,047 - root - DEBUG - U_9tntZmI1-712yv0w74aX___pDKJTW7dA does not meet criteria..FAILED
2020-04-30 13:42:14,047 - root - DEBUG - StreamClient/get_stream_members()
2020-04-30 13:42:14,312 - root - DEBUG - o4RnEtrnfjbg4onfKdFXhX___pDKJMDmdA meets criteria..PASSED!
2020-04-30 13:42:14,312 - root - DEBUG - StreamClient/get_stream_members()
2020-04-30 13:42:14,585 - root - DEBUG - MXnFZhnK-NS_nZBR2Ho9FH___pDKI4qQdA does not meet criteria..FAILED
2020-04-30 13:42:14,585 - root - DEBUG - StreamClient/get_stream_members()
2020-04-30 13:42:14,849 - root - DEBUG - XHJHtyXVSGFktpCRka01SH___pDKIPFgdA does not meet criteria..FAILED
2020-04-30 13:42:14,849 - root - DEBUG - StreamClient/get_stream_members()
2020-04-30 13:42:15,122 - root - DEBUG - b3MJF-0167f_Ea_BZHS803___pDKHIChdA does not meet criteria..FAILED
2020-04-30 13:42:15,122 - root - DEBUG - StreamClient/get_stream_members()
2020-04-30 13:42:15,394 - root - DEBUG - VTAXlH6G57MRT-imSEcbB3___pDKHCBVdA does not meet criteria..FAILED
2020-04-30 13:42:15,394 - root - DEBUG - StreamClient/get_stream_members()
2020-04-30 13:42:15,656 - root - DEBUG - 3T53jNLUd1Uoj7n-1aeWNH___pDKG8SedA does not meet criteria..FAILED
2020-04-30 13:42:15,657 - root - DEBUG - StreamClient/get_stream_members()
2020-04-30 13:42:15,921 - root - DEBUG - uCf1meMvHh-79HftDSyf-X___pDKG3tpdA does not meet criteria..FAILED
2020-04-30 13:42:15,921 - root - DEBUG - StreamClient/get_stream_members()
2020-04-30 13:42:16,198 - root - DEBUG - iNiVbDmcNsAw9PXoBuC0CH___pDKGXordA does not meet criteria..FAILED
2020-04-30 13:42:16,198 - root - DEBUG - StreamClient/get_stream_members()
2020-04-30 13:42:16,462 - root - DEBUG - Ubr-qO_J5q4nj1iOD_Du73___pDKGPiHdA does not meet criteria..FAILED
2020-04-30 13:42:16,462 - root - DEBUG - StreamClient/get_stream_members()
2020-04-30 13:42:16,737 - root - DEBUG - dXYSqU17r00E8BIrXg11Hn___pDKF7i_dA does not meet criteria..FAILED
2020-04-30 13:42:16,737 - root - DEBUG - StreamClient/get_stream_members()
2020-04-30 13:42:17,006 - root - DEBUG - mtdZXX2nOdY1aw6Q-04OeX___pDKFzV0dA does not meet criteria..FAILED
2020-04-30 13:42:17,006 - root - DEBUG - StreamClient/get_stream_members()
2020-04-30 13:42:17,278 - root - DEBUG - Y2QuKgZ5HuXZ9JHYKdJq73___pDKFul5dA does not meet criteria..FAILED
2020-04-30 13:42:17,279 - root - DEBUG - StreamClient/get_stream_members()
2020-04-30 13:42:17,542 - root - DEBUG - aku0G7yLTHFMhSk0TLKfen___pDKFhZadA does not meet criteria..FAILED
2020-04-30 13:42:17,542 - root - DEBUG - StreamClient/get_stream_members()
2020-04-30 13:42:17,808 - root - DEBUG - 2KewztGBWk0EXfNGlfDXEn___pDKFdajdA does not meet criteria..FAILED
2020-04-30 13:42:17,808 - root - DEBUG - StreamClient/get_stream_members()
2020-04-30 13:42:18,094 - root - DEBUG - d7icGH9z9aW5VD51UEEG_n___pDKFZpYdA does not meet criteria..FAILED
2020-04-30 13:42:18,094 - root - DEBUG - StreamClient/get_stream_members()
2020-04-30 13:42:18,358 - root - DEBUG - Xk1uPz4pmwfRxzfsSLVH3H___pDKEudHdA does not meet criteria..FAILED
2020-04-30 13:42:18,358 - root - DEBUG - StreamClient/get_stream_members()
2020-04-30 13:42:18,633 - root - DEBUG - s9lJD-zfX2VG8I67wSTzGn___pDKEn98dA does not meet criteria..FAILED
2020-04-30 13:42:18,633 - root - DEBUG - StreamClient/get_stream_members()
2020-04-30 13:42:18,902 - root - DEBUG - Uun1qwlen734wJO7ePHwwH___pDKEPHpdA does not meet criteria..FAILED
2020-04-30 13:42:18,902 - root - DEBUG - StreamClient/get_stream_members()
2020-04-30 13:42:19,173 - root - DEBUG - zpAg1HU2jE0w505N0ETczX___pDKDdk5dA does not meet criteria..FAILED
2020-04-30 13:42:19,173 - root - DEBUG - StreamClient/get_stream_members()
2020-04-30 13:42:19,470 - root - DEBUG - Wy-8MI5GRPbxUo9mYEbN5n___pDKDUm6dA does not meet criteria..FAILED
2020-04-30 13:42:19,471 - root - DEBUG - StreamClient/get_stream_members()
2020-04-30 13:42:19,743 - root - DEBUG - Ve2wwlo10ndfhR1-ZHeMlX___pDKDMVJdA does not meet criteria..FAILED
2020-04-30 13:42:19,743 - root - DEBUG - StreamClient/get_stream_members()
2020-04-30 13:42:20,006 - root - DEBUG - flBLIqdOYcL90UeEFOkhMH___pDKC472dA does not meet criteria..FAILED
2020-04-30 13:42:20,006 - root - DEBUG - StreamClient/get_stream_members()
2020-04-30 13:42:20,281 - root - DEBUG - FPk-41uRwI166rs3vWaDDX___pDKC030dA does not meet criteria..FAILED
2020-04-30 13:42:20,281 - root - DEBUG - StreamClient/get_stream_members()
2020-04-30 13:42:20,552 - root - DEBUG - LOEdr9JHg-ZfDIC4a8-g-n___pDKCvZ3dA does not meet criteria..FAILED
2020-04-30 13:42:20,552 - root - DEBUG - StreamClient/get_stream_members()
2020-04-30 13:42:20,820 - root - DEBUG - WpVTiqNvKQwuWnqScWQ0jH___pDKCpSydA does not meet criteria..FAILED
2020-04-30 13:42:20,820 - root - DEBUG - StreamClient/get_stream_members()
2020-04-30 13:42:21,093 - root - DEBUG - dO4mNA89x3Iy1WnYbYEc8H___pDKCfQ4dA does not meet criteria..FAILED
2020-04-30 13:42:21,093 - root - DEBUG - StreamClient/get_stream_members()
2020-04-30 13:42:21,358 - root - DEBUG - wfjUQvRx62Y2CL6mp2DhAH___pDKBayrdA does not meet criteria..FAILED
2020-04-30 13:42:21,358 - root - DEBUG - StreamClient/get_stream_members()
2020-04-30 13:42:21,631 - root - DEBUG - sJSGP22X1VAPzf0Ok8Gb0X___pDKBWAsdA does not meet criteria..FAILED
2020-04-30 13:42:21,631 - root - DEBUG - StreamClient/get_stream_members()
2020-04-30 13:42:21,901 - root - DEBUG - x5MCScq2Y8ZH7Y_yiYYa8X___pDKBQaldA does not meet criteria..FAILED
2020-04-30 13:42:21,902 - root - DEBUG - StreamClient/get_stream_members()
2020-04-30 13:42:22,178 - root - DEBUG - A3onz4gjB7bE8v4Nsweorn___pDKBMHVdA does not meet criteria..FAILED
2020-04-30 13:42:22,179 - root - DEBUG - StreamClient/get_stream_members()
2020-04-30 13:42:22,445 - root - DEBUG - NGV8PXEujalGQPio8GGfLH___pDKA30HdA does not meet criteria..FAILED
2020-04-30 13:42:22,445 - root - DEBUG - StreamClient/get_stream_members()
2020-04-30 13:42:22,725 - root - DEBUG - OmN-0pQ8vL4564dNkgwPqX___pDKAyUgdA does not meet criteria..FAILED
2020-04-30 13:42:22,725 - root - DEBUG - StreamClient/get_stream_members()
2020-04-30 13:42:23,001 - root - DEBUG - dHGCYRv9J2IWMLI55Ntn4X___pDJ_VMqdA does not meet criteria..FAILED
2020-04-30 13:42:23,001 - root - DEBUG - StreamClient/get_stream_members()
2020-04-30 13:42:23,266 - root - DEBUG - yhJSp-wu-8KN454OIeo0rH___pDJ_RrhdA does not meet criteria..FAILED
2020-04-30 13:42:23,266 - root - DEBUG - StreamClient/get_stream_members()
2020-04-30 13:42:23,530 - root - DEBUG - 3JUNmoNO7DWLs0Gj4mgTEn___pDJ_DisdA does not meet criteria..FAILED
2020-04-30 13:42:23,531 - root - DEBUG - StreamClient/get_stream_members()
2020-04-30 13:42:23,804 - root - DEBUG - 0Thrx5eYeN3ppgId26a_kH___pDJ-_sKdA does not meet criteria..FAILED
2020-04-30 13:42:23,804 - root - DEBUG - StreamClient/get_stream_members()
2020-04-30 13:42:24,072 - root - DEBUG - 1BWsZrQyDYp7mNEuMBDMZH___pDJ-tOIdA does not meet criteria..FAILED
2020-04-30 13:42:24,072 - root - DEBUG - StreamClient/get_stream_members()
2020-04-30 13:42:24,347 - root - DEBUG - sgUu6FQIbjQbkIE1caNVv3___pDJ-o4-dA does not meet criteria..FAILED
2020-04-30 13:42:24,347 - root - DEBUG - StreamClient/get_stream_members()
2020-04-30 13:42:24,612 - root - DEBUG - 2GIpaeKkQ6pTqIvolA9ZzX___pDJ-lCXdA does not meet criteria..FAILED
2020-04-30 13:42:24,613 - root - DEBUG - StreamClient/get_stream_members()
2020-04-30 13:42:24,886 - root - DEBUG - JvQb5fxrT0nQdECwyvSeDH___pDJ-hQydA does not meet criteria..FAILED
2020-04-30 13:42:24,886 - root - DEBUG - StreamClient/get_stream_members()
2020-04-30 13:42:25,151 - root - DEBUG - iS9jRaUOPD5SaDGuCAVgKH___pC4MX0gdA does not meet criteria..FAILED
2020-04-30 13:42:25,151 - root - DEBUG - StreamClient/get_stream_members()
2020-04-30 13:42:25,418 - root - DEBUG - eQ-ALy2MlOmv6keqtSwdHH___pBSI-UBdA does not meet criteria..FAILED
2020-04-30 13:42:25,418 - root - DEBUG - StreamClient/get_stream_members()
2020-04-30 13:42:25,682 - root - DEBUG - V11KmvCUAhZqNScxOo207X___pDlT22odA meets criteria..PASSED!
2020-04-30 13:42:25,682 - root - DEBUG - StreamClient/get_stream_members()
2020-04-30 13:42:25,954 - root - DEBUG - _-WgHQS3Pdo8SIJ18MAS3X___pAP_VD1dA does not meet criteria..FAILED
2020-04-30 13:42:25,954 - root - DEBUG - StreamClient/get_stream_members()
2020-04-30 13:42:26,219 - root - DEBUG - 2hIHu349h1Oa77dhyyU4CX___pAI2qttdA does not meet criteria..FAILED
2020-04-30 13:42:26,219 - root - DEBUG - StreamClient/get_stream_members()
2020-04-30 13:42:26,490 - root - DEBUG - StreamClient/get_stream_members()
2020-04-30 13:42:26,759 - root - DEBUG - 3wvoF15MqJGuyINf29iCfn___o_v7xxPdA meets criteria..PASSED!
2020-04-30 13:42:26,759 - root - DEBUG - StreamClient/get_stream_members()
2020-04-30 13:42:27,030 - root - DEBUG - _Ahu3hnjeWhUl25oEvE-fn___o_sP69YdA does not meet criteria..FAILED
2020-04-30 13:42:27,030 - root - DEBUG - StreamClient/get_stream_members()
2020-04-30 13:42:27,294 - root - DEBUG - pgBfdxuVToQvle1R9WCAEX___o_p5NNndA does not meet criteria..FAILED
2020-04-30 13:42:27,294 - root - DEBUG - StreamClient/get_stream_members()
2020-04-30 13:42:27,568 - root - DEBUG - 95w3HwPDZMd9mDQxFBrha3___o_dyLJidA does not meet criteria..FAILED
2020-04-30 13:42:27,569 - root - DEBUG - StreamClient/get_stream_members()
2020-04-30 13:42:27,826 - root - DEBUG - StreamClient/get_stream_members()
2020-04-30 13:42:28,091 - root - DEBUG - VKBYZ2BICZWDXFzm6z6okn___o_GIroddA does not meet criteria..FAILED
2020-04-30 13:42:28,091 - root - DEBUG - StreamClient/get_stream_members()
2020-04-30 13:42:28,346 - root - DEBUG - StreamClient/get_stream_members()
2020-04-30 13:42:28,621 - root - DEBUG - rhCev8wFaAKxy9h0aN_TE3___o_C57W_dA meets criteria..PASSED!
2020-04-30 13:42:28,621 - root - DEBUG - StreamClient/get_stream_members()
2020-04-30 13:42:28,886 - root - DEBUG - MFTtL3Liy3VvMPvYg6YQY3___o_AGBAKdA does not meet criteria..FAILED
2020-04-30 13:42:28,887 - root - DEBUG - StreamClient/get_stream_members()
2020-04-30 13:42:29,160 - root - DEBUG - vCm-BOQpG0dkYi3dRDlvCX___o-_XQZHdA meets criteria..PASSED!
2020-04-30 13:42:29,160 - root - DEBUG - StreamClient/get_stream_members()
2020-04-30 13:42:29,430 - root - DEBUG - CSgHl9XV_Fqh_DYt-b0nkX___o-8G9oKdA meets criteria..PASSED!
2020-04-30 13:42:29,430 - root - DEBUG - StreamClient/get_stream_members()
2020-04-30 13:42:29,704 - root - DEBUG - tZFXKP1x7aVNtcqqjk8813___o-rv3EZdA does not meet criteria..FAILED
2020-04-30 13:42:29,704 - root - DEBUG - StreamClient/get_stream_members()
2020-04-30 13:42:29,978 - root - DEBUG - Qiaq7s2AWfPhxdNLWKI__X___o-lwyZndA meets criteria..PASSED!
2020-04-30 13:42:29,978 - root - DEBUG - StreamClient/get_stream_members()
2020-04-30 13:42:30,244 - root - DEBUG - MOBARm7ZrgLWSDw_vm2IZX___o-bbmtfdA meets criteria..PASSED!
2020-04-30 13:42:30,244 - root - DEBUG - StreamClient/get_stream_members()
2020-04-30 13:42:30,518 - root - DEBUG - bUSGEDk_dzjW4U71dJkHzn___o-ZiRRUdA meets criteria..PASSED!
2020-04-30 13:42:30,519 - root - DEBUG - StreamClient/get_stream_members()
2020-04-30 13:42:30,781 - root - DEBUG - QxlpQGICwuGilK-1zwGgr3___o-INpKjdA does not meet criteria..FAILED
2020-04-30 13:42:30,782 - root - DEBUG - StreamClient/get_stream_members()
2020-04-30 13:42:31,046 - root - DEBUG - StreamClient/get_stream_members()
2020-04-30 13:42:31,314 - root - DEBUG - Dz_iW_MuLWvS5pGT0KaAg3___o9XQMUedA does not meet criteria..FAILED
2020-04-30 13:42:31,315 - root - DEBUG - StreamClient/get_stream_members()
2020-04-30 13:42:31,590 - root - DEBUG - GLPnoOkuapbtROF8Plo5O3___o88bzu2dA meets criteria..PASSED!
2020-04-30 13:42:31,590 - root - DEBUG - StreamClient/get_stream_members()
2020-04-30 13:42:31,853 - root - DEBUG - K3NE8y12bIbCZdi0wOUZrH___o8yDP9DdA does not meet criteria..FAILED
2020-04-30 13:42:31,853 - root - DEBUG - StreamClient/get_stream_members()
2020-04-30 13:42:32,121 - root - DEBUG - 7KxAxD9iGNFmeFF14p4X2H___o8tji7tdA does not meet criteria..FAILED
2020-04-30 13:42:32,121 - root - DEBUG - StreamClient/get_stream_members()
2020-04-30 13:42:32,417 - root - DEBUG - 1yEQa0GzJFcNNOfZYCoOPn___o8qzINndA does not meet criteria..FAILED
2020-04-30 13:42:32,417 - root - DEBUG - StreamClient/get_stream_members()
2020-04-30 13:42:32,689 - root - DEBUG - N2hrzGRSOYGJkhc6e9fIGX___o8YaWK9dA does not meet criteria..FAILED
2020-04-30 13:42:32,689 - root - DEBUG - StreamClient/get_stream_members()
2020-04-30 13:42:32,962 - root - DEBUG - m457ypotKjdzoiJppBPXW3___o8UP4LWdA does not meet criteria..FAILED
2020-04-30 13:42:32,962 - root - DEBUG - StreamClient/get_stream_members()
2020-04-30 13:42:33,229 - root - DEBUG - O8ETIuRQlAbXSzrV54BTLn___o8UKk7odA does not meet criteria..FAILED
2020-04-30 13:42:33,229 - root - DEBUG - StreamClient/get_stream_members()
2020-04-30 13:42:33,500 - root - DEBUG - zEhc95pdBy7vLOu8ua5Agn___o8UJKW_dA does not meet criteria..FAILED
2020-04-30 13:42:33,500 - root - DEBUG - StreamClient/get_stream_members()
2020-04-30 13:42:33,770 - root - DEBUG - 58W7n5q1bE1Wnv7trMU7XX___o8UI56CdA does not meet criteria..FAILED
2020-04-30 13:42:33,770 - root - DEBUG - StreamClient/get_stream_members()
2020-04-30 13:42:34,035 - root - DEBUG - rMQtQ7LzEalJQ2inv3dEwX___o8UIFhXdA does not meet criteria..FAILED
2020-04-30 13:42:34,035 - root - DEBUG - StreamClient/get_stream_members()
2020-04-30 13:42:34,304 - root - DEBUG - dg-88lbj6ZQ5qqGDqjqiMH___o8UDwkwdA does not meet criteria..FAILED
2020-04-30 13:42:34,304 - root - DEBUG - StreamClient/get_stream_members()
2020-04-30 13:42:34,571 - root - DEBUG - cH_DkSF8WfZvOyqJdlnyMX___o8UDmAMdA does not meet criteria..FAILED
2020-04-30 13:42:34,571 - root - DEBUG - StreamClient/get_stream_members()
2020-04-30 13:42:34,839 - root - DEBUG - ZfcOA9-GTMQW01KOzsg_xH___o8UDWtrdA does not meet criteria..FAILED
2020-04-30 13:42:34,839 - root - DEBUG - StreamClient/get_stream_members()
2020-04-30 13:42:35,115 - root - DEBUG - 9gUWPjCJF3J9oDnCCDK-SX___o8UDKJsdA does not meet criteria..FAILED
2020-04-30 13:42:35,116 - root - DEBUG - StreamClient/get_stream_members()
2020-04-30 13:42:35,378 - root - DEBUG - D_KDRYOyTorA_b4cdRD0fn___o8UC4ZedA does not meet criteria..FAILED
2020-04-30 13:42:35,379 - root - DEBUG - StreamClient/get_stream_members()
2020-04-30 13:42:35,650 - root - DEBUG - 7qemRF41ejpop8cB2nsyKn___o8LSu8pdA does not meet criteria..FAILED
2020-04-30 13:42:35,650 - root - DEBUG - StreamClient/get_stream_members()
2020-04-30 13:42:35,914 - root - DEBUG - 4TBfY6fG9eWN06VzXDSja3___o8HOkAhdA does not meet criteria..FAILED
2020-04-30 13:42:35,914 - root - DEBUG - StreamClient/get_stream_members()
2020-04-30 13:42:36,182 - root - DEBUG - zgwrj0jQs_edf7BRGWiCB3___o73UCQAdA meets criteria..PASSED!
2020-04-30 13:42:36,182 - root - DEBUG - StreamClient/get_stream_members()
2020-04-30 13:42:36,448 - root - DEBUG - gAZxQ3AiKJCbU7auM5mUTH___o7wuN1PdA does not meet criteria..FAILED
2020-04-30 13:42:36,449 - root - DEBUG - StreamClient/get_stream_members()
2020-04-30 13:42:36,711 - root - DEBUG - StreamClient/get_stream_members()
2020-04-30 13:42:36,981 - root - DEBUG - 7b2mDFmOey7QXFmP2esstX___o7tVEcWdA does not meet criteria..FAILED
2020-04-30 13:42:36,981 - root - DEBUG - StreamClient/get_stream_members()
2020-04-30 13:42:37,245 - root - DEBUG - qK7b0R9aoaW1u5HqCG2zU3___o7pfapEdA does not meet criteria..FAILED
2020-04-30 13:42:37,245 - root - DEBUG - StreamClient/get_stream_members()
2020-04-30 13:42:37,512 - root - DEBUG - R8E4_8RAwjZ0108q1NX9MH___o7WvhrKdA meets criteria..PASSED!
2020-04-30 13:42:37,512 - root - DEBUG - StreamClient/get_stream_members()
2020-04-30 13:42:37,773 - root - DEBUG - QDno-SsEB27y09CIoWcBSn___o7QFCgSdA does not meet criteria..FAILED
2020-04-30 13:42:37,773 - root - DEBUG - StreamClient/get_stream_members()
2020-04-30 13:42:38,038 - root - DEBUG - KFyDyh26mrlvYqfXx7jdXn___o7O6GtzdA meets criteria..PASSED!
2020-04-30 13:42:38,038 - root - DEBUG - StreamClient/get_stream_members()
2020-04-30 13:42:38,311 - root - DEBUG - Vkc_YySc0ocbl22aIn3wFX___o7KUB4vdA meets criteria..PASSED!
2020-04-30 13:42:38,311 - root - DEBUG - StreamClient/get_stream_members()
2020-04-30 13:42:38,581 - root - DEBUG - mms7jQa_0J600mBWh8zbBn___o7FmujzdA does not meet criteria..FAILED
2020-04-30 13:42:38,581 - root - DEBUG - StreamClient/get_stream_members()
2020-04-30 13:42:38,842 - root - DEBUG - 6TcjIR8f6zegamLk-7jhk3___o7FEAtRdA does not meet criteria..FAILED
2020-04-30 13:42:38,842 - root - DEBUG - StreamClient/get_stream_members()
2020-04-30 13:42:39,101 - root - DEBUG - StreamClient/get_stream_members()
2020-04-30 13:42:39,362 - root - DEBUG - zJHEoQ0qgrF4YGoX-x52DH___o6mreqWdA does not meet criteria..FAILED
2020-04-30 13:42:39,362 - root - DEBUG - StreamClient/get_stream_members()
2020-04-30 13:42:39,634 - root - DEBUG - 72uIwIl7OYZvoRNlV9uavH___o6l1_bydA does not meet criteria..FAILED
2020-04-30 13:42:39,634 - root - DEBUG - StreamClient/get_stream_members()
2020-04-30 13:42:39,897 - root - DEBUG - LOv2gagOP__kcPAK7CewQ3___o6j2a_vdA does not meet criteria..FAILED
2020-04-30 13:42:39,898 - root - DEBUG - StreamClient/get_stream_members()
2020-04-30 13:42:40,179 - root - DEBUG - jlfo2wzBbNUVQylzEjbDzn___o6h1I23dA does not meet criteria..FAILED
2020-04-30 13:42:40,179 - root - DEBUG - StreamClient/get_stream_members()
2020-04-30 13:42:40,450 - root - DEBUG - xTa1JnuE4V5OLwCE-ex3oH___o6h0_U2dA does not meet criteria..FAILED
2020-04-30 13:42:40,450 - root - DEBUG - StreamClient/get_stream_members()
2020-04-30 13:42:40,721 - root - DEBUG - n2pJLlu-8QwHDRi700mUnH___o6hzW8HdA does not meet criteria..FAILED
2020-04-30 13:42:40,721 - root - DEBUG - StreamClient/get_stream_members()
2020-04-30 13:42:40,987 - root - DEBUG - m_hV1ZEStLVUXhwfqLrMb3___o6hzQHkdA does not meet criteria..FAILED
2020-04-30 13:42:40,987 - root - DEBUG - StreamClient/get_stream_members()
2020-04-30 13:42:41,255 - root - DEBUG - D6iQYWYSIwX3LVCUzvVBYn___o6hzFDDdA does not meet criteria..FAILED
2020-04-30 13:42:41,256 - root - DEBUG - StreamClient/get_stream_members()
2020-04-30 13:42:41,527 - root - DEBUG - _aGbtAUUUYN23hizG4EeFH___o6dDTa3dA does not meet criteria..FAILED
2020-04-30 13:42:41,527 - root - DEBUG - StreamClient/get_stream_members()
2020-04-30 13:42:41,794 - root - DEBUG - w1STdVo8JVASuK0tVUTe6n___o6NwiLXdA does not meet criteria..FAILED
2020-04-30 13:42:41,794 - root - DEBUG - StreamClient/get_stream_members()
2020-04-30 13:42:42,064 - root - DEBUG - HttcEIKDCvVEmBTaHEZZ8H___o6MIb5PdA meets criteria..PASSED!
2020-04-30 13:42:42,064 - root - DEBUG - StreamClient/get_stream_members()
2020-04-30 13:42:42,336 - root - DEBUG - afryET8SGenunhCe3IwLwn___o55NzhidA meets criteria..PASSED!
2020-04-30 13:42:42,336 - root - DEBUG - StreamClient/get_stream_members()
2020-04-30 13:42:42,609 - root - DEBUG - gTo82_bqhabqTdo5Zw02rH___o5kzmGmdA does not meet criteria..FAILED
2020-04-30 13:42:42,609 - root - DEBUG - StreamClient/get_stream_members()
2020-04-30 13:42:42,877 - root - DEBUG - CZIJK2IiFGNAzIBWMJB8MH___o5i298ZdA meets criteria..PASSED!
2020-04-30 13:42:42,877 - root - DEBUG - StreamClient/get_stream_members()
2020-04-30 13:42:43,148 - root - DEBUG - Zupm_7wX2zeR82UCcxhSpX___o5TjDGUdA does not meet criteria..FAILED
2020-04-30 13:42:43,148 - root - INFO - Total Violations - 346
2020-04-30 13:42:43,148 - root - INFO - Generating Result File...
